>J00256|IGHJ1*01|Homo sapiens|F|J-REGION|723..774|52 nt|1| | | |17 AA|17+0=17| | |
---AEYFQHWGQGTLVTVSS
>J00256|IGHJ2*01|Homo sapiens|F|J-REGION|932..984|53 nt|2| | | |17 AA|17+0=17| | |
---YWYFDLWGRGTLVTVSS
>J00256|IGHJ3*01|Homo sapiens|F|J-REGION|1537..1586|50 nt|2| | | |16 AA|16+0=16| | |
----DAFDVWGQGTMVTVSS
>X86355|IGHJ3*02|Homo sapiens|F|J-REGION|1107..1156|50 nt|2| | | |16 AA|16+0=16| | |
----DAFDIWGQGTMVTVSS
>J00256|IGHJ4*01|Homo sapiens|F|J-REGION|1912..1959|48 nt|3| | | |15 AA|15+0=15| | |
-----YFDYWGQGTLVTVSS
>X86355|IGHJ4*02|Homo sapiens|F|J-REGION|1480..1527|48 nt|3| | | |15 AA|15+0=15| | |
-----YFDYWGQGTLVTVSS
>M25625|IGHJ4*03|Homo sapiens|F|J-REGION|446..493|48 nt|3| | | |15 AA|15+0=15| | |
-----YFDYWGQGTLVTVSS
>J00256|IGHJ5*01|Homo sapiens|F|J-REGION|2354..2404|51 nt|3| | | |16 AA|16+0=16| | |
----NWFDSWGQGTLVTVSS
>X86355|IGHJ5*02|Homo sapiens|F|J-REGION|1878..1928|51 nt|3| | | |16 AA|16+0=16| | |
----NWFDPWGQGTLVTVSS
>IMGT000207|IGHJ5*04|Homo sapiens|F|J-REGION|775032..775082|51 nt|3| | ||16 AA|16+0=16| | |
----NWFDPWGQGTLVSVSS
>J00256|IGHJ6*01|Homo sapiens|F|J-REGION|2947..3009|63 nt|3| | | |20 AA|20+0=20| | |
YYYYYGMDVWGQGTTVTVSS
>M25625|IGHJ6*02|Homo sapiens|F|J-REGION|1480..1542|63 nt|3| | | |20 AA|20+0=20| | |
YYYYYGMDVWGQGTTVTVSS
>M63030|IGHJ6*03|Homo sapiens|F|J-REGION|58..120|63 nt|3| | ||20 AA|20+0=20| | |
YYYYYYMDVWGKGTTVTVSS
>AJ879487|IGHJ6*04|Homo sapiens|F|J-REGION|39..101|63 nt|3| | | |20 AA|20+0=20| | |
YYYYYGMDVWGKGTTVTVSS
>IMGT000158|IGHJ6*05|Homo sapiens|F|J-REGION|882573..882635|63 nt|3| | | |20 AA|20+0=20| | |
HYYYCCMDVWGKGTTVTVAS
>1ins:7R-18N|q0
AVYYCVFDYWGQGTLVTVSS
>1ins:3C-11A|q1
YYTGNYFDYWGQGTLVTVSS
>1ins:3C-15P|q2
--YYGAFDYWGQGTHVTVSS
>q3
SYSHGLLDGWGKGTLVTVSS
>q4
SYSHGLLDGWGKGTLVTVSS
>1ins:3C-9V|q5
YYIHWYFDLWGRGTLVTVSS
>q6
MSSGYYVDYWGQGTQVTVSS
>1ins:3C-9S|q7
YYGMWYFDLWGRGTLVTVSS
>q8
SYFPNWFDPWGQGTLVTVSS
>1ins:3C-9S|q9
YYSGYLSGDWGQGTLVTVSS
>1ins:3C-12G|q10
YYRTSHFDYWGQGTLVTVSS
>q11
TFYYYGMDVWGQGTTVTVSS
>1ins:8G-17D|q12
AVYYCAKDYWGQGTLVTVSS
>1ins:3C-8P|q13
YFFFRLPDRWGQGALVTVSS
>2ins:1D-2T,etc|q14
AVYYYGFDFWGQGALVTVSS
>q15
RYAWPLFDYWGQGILVTVSS
>1ins:3C-19R|q16
YYREFGMDLWDQGTTVTVSS
>q17
SYSHGLLDGWGKGTLVTVSS
>q18
KFSSRWYDSWGQGTLVTVSS
>1ins:5C-19D|q19
AVYYDAFDIWGQGTTVTLSS
>1ins:3C-10V|q20
YYKTSGFDFWGQGTLVTVSS
>q21
SYFTEFFDFWGQGTLVTVSS
>q22
YSRGYEADPWGQGTLVTVSS
>1ins:3C-11N|q23
--YYDDVDYWGRGTLVTVSS
>1ins:9G-16Y|q24
AFYYCASPRWGQGTLVTVSS
>1ins:8G-13P|q25
AVYYCARELWGQGTLVTVSS
>1ins:7R-12D|q26
AVYYCALDYWGQGILVIVSS
>1ins:3C-6S|q27
YYGLNYLDSWGQGTLVIVSS
>q28
DFYYYGMDAWGPGTTVTVSS
>1ins:3C-17G|q29
--YYYGMDVWGQGTTVTVSS
>1ins:3C-14G|q30
YYSCFKFDYWGQGTLVTVSS
>1ins:3C-15T|q31
YYYYDALDIWGQGTLVTVSS
>q32
RYYFYGMDVWGQGTTVSVSS
>q33
NYYYYGMDVWGQGTTVTVSS
>1ins:3C-15P|q34
--YYGAFDYWGQGTHVTVSS
>1ins:7R-18N|q35
AVYYCVFDYWGQGTLVTVSS
>1ins:5C-19D|q36
AVYYDAFDIWGQGTTVTLSS
>1ins:3C-13R|q37
YYQSDAFDIWGQGTMVTVSS
>1ins:3R-6P|q38
YFPSEYFQHWGQGTLVTVSS
>q39
YLAANWFDFWGQGTLVTVSS
>1ins:3C-17S|q40
YYFGSPLDYWGQGTLVTVSS
>1ins:3C-12G|q41
YYWYAGPPLWGQGTLVTVSS
>1ins:3C-14L|q42
--YYYGMDVWGQGTTVTVSP
>1ins:7R-18D|q43
AVYYCAMDVWGQGTTVTVSS
>1ins:3C-12D|q44
YYETYGMDVWGQGTTVTVSS
>1ins:3C-12N|q45
YYWPDAFDIWGQGTMVTVSS
>1ins:3C-13P|q46
YYYYYGMDVWGQGTTVTVSS
>q47
YDILTGYYHWGQGTLVTVSS
>1ins:3C-11N|q48
YFDWGVVDYWGQGTLVTVSA
>1ins:3C-11S|q49
YYGHYYVDYWGQGTLVTVSS
>1ins:3C-11G|q50
YYLTNWFDPWGQGALVTVSS
>1ins:3C-11D|q51
YYWSNWFDPWGQGTLVTVSS
>1ins:5R-15P|q52
--YFCALDSWGQGTLVTVSS
>1ins:3C-11A|q53
YYTGNYFDYWGQGTLVTVSS
>1ins:7T-17D|q54
ALYYCTFEHWGQGTLVTVSS
>1ins:3C-11G|q55
YYGSTYLDWWGQGTLVTVSS
>1ins:3C-10G|q56
YYTVNWFDPWGQGTLVTVSS
>1ins:3C-10P|q57
YHVQPALDYWGQGILVTVSS
>1ins:5C-14P|q58
AVYYRGMDVWGQGTTVTVSS
>1ins:3C-10S|q59
YYYGSDFDYWGQGTLVTVSS
>1ins:3C-13S|q60
--YYYGMDVWGQGTTVTVSS
>q61
YYYDSSPDYWGQGTLVTVSP
>1ins:3G-5G|q62
YYNYYKIDPWGQGTLVTVSS
>1ins:3C-9V|q63
YYVARGLEYWGQGTLVTVSS
>1ins:3C-10G|q64
YYGDCPLDYWGQGTLVTVSS
>1ins:3C-10N|q65
YYNYRGMDVWGQGTTVTVSS
>q66
QWSRDFFDYWGQGTLVTVSS
>1ins:3C-9V|q67
YYGAMDFDSWGQGTLVTVSS
>1ins:3C-8L|q68
YFYGDYDHYWGQGILVTVSS
>1ins:5R-12I|q69
--YYCAKSDWGQGTLVTVSS
>q70
WIFGEAFDYWGQGTLVTVSS
>1ins:3C-7I|q71
YYYGLYFDYWGHGTQVTVSS
>1ins:8G-13P|q72
AVYYCARDFWGQGTLVTVSS
>1ins:3C-6G|q73
YYARGYFDSWGQGTLVTVSS
>1ins:8G-13P|q74
AVYYCARDFWGQGTLVTVSS
>1ins:3C-6G|q75
YFTGRRLDNWGRGTLVTVSS
>1ins:3C-23E|q76
YYGPDAFDIWGQGTMVTVSS
>1ins:4D-11L|q77
YYYPGAFDIWGQGTMVTVSS
>1ins:3C-23G|q78
YYRKSWFDAWGQGTLVTVSS
>1ins:3C-27E|q79
YYPGGAFDIWGQGTMVTVSS
>q80
YLAANWFDFWGQGTLVTVSS
>q81
YYYYYGMDVWGKGTTVTVSS
>q82
YYYYYGMDVWGKGTTVTVSS
>q83
RYYYYGMDVWGKGTTVTVSS
>q84
YYYYYGMDVWGKGTTVTVSS
>q85
GYYYYGMDVWGKGTTVTVSS
>q86
TYFYYAMDVWGKGTTVTVSS
>1ins:3C-20T|q87
YYLSPYFDYWGQGTLVTVSS
>q88
EYYYYGMDVWGKGTTVTVSS
>1ins:3C-23I|q89
YYRSYGMDVWGKGTTVTVSS
>q90
HYYYYGMDVWGKGTTVTVSS
>1ins:3C-19L|q91
YYDFKGVDVWGKGTTVTVSS
>1ins:3C-19R|q92
YYHHFTVYSWGQGTLVTVSS
>1ins:3C-19R|q93
YYYYYGMDVWGKGTTVTVSS
>q94
FPQYNWFDPWGQGTLVTVSS
>1ins:3C-21N|q95
YYPWYGMDVWGKGTTVTVSS
>q96
YCGGDCYGSWGQGTLVTVSS
>1ins:3C-18P|q97
YYIPNWFDPWGQGTLVTVSS
>1ins:3C-18L|q98
YYGYYGMDVWGKGTTVTVSS
>q99
YSRGDFADYWGQGTLVTVSS
>q100
YYYYYGMDVWGKGTTVTVSS
>1ins:3C-18S|q101
YYCYTCFDYWGQGTLVTVSS
>q102
YYYYYDMDVWGKGTTVTVSS
>1ins:3C-20T|q103
YYYYYGMDVWGKGTTVTVSS
>1ins:3C-18V|q104
YYIHHGMDVWGKGTTVTVSS
>1ins:3C-20T|q105
YYGPRALLTWGQGTLVTVSS
>1ins:3C-20G|q106
YYYYYGMDVWGKGTTVTVSS
>q107
SYYENPMDVWGKGTTVTVSS
>1ins:3C-19G|q108
YYPMGYFDLWGRGTLVTVSS
>q109
GYYYYGMDVWGKGTTVTVSS
>q110
DFWSGYYDYWGQGTLVTVSS
>1ins:4G-12N|q111
YYYIGWFDPWGQGTLVTVSS
>q112
NFWGPALDYWGQGTLVTVSS
>q113
YYYYYGMDVWGKGTTVTVSS
>q114
FYYYYGMDVWGKGTTVTVSS
>q115
VYYHYGMHVWGKGTTVTVSS
>q116
SYYYYGMDVWGKGTTVTVSS
>1ins:3C-19A|q117
YYQGDAFDIWGQGTMVTVSS
>q118
YYTVYYFDYWGQGTLVTVSS
>q119
YYRGYYFDFWGQGTLVTVSS
>1ins:3D-7G|q120
YYTDGTFDIWGQGTMVTVSS
>q121
GHYYYGMDVWGKGTTVTVSS
>1ins:3D-10R|q122
YYTEYYFDYWGQGTLVTVSS
>q123
AYHYYGMDVWGKGTTVTVSS
>1ins:3C-17P|q124
YYTTASTDYWGQGTLVTVSS
>1ins:3C-18S|q125
YYCFGAMDVWGKGTTVTVSS
>q126
YYYYYGLDVWGKGTTVTVSS
>1ins:3V-7N|q127
YYYYYGMDVWGKGTTVTVSS
>q128
YYYAGWFDPWGQGTLVTVSS
>q129
YYFFYGMDVWGKGTTVTVSS
>1ins:4S-6T|q130
SYYYWYFGLWGRGTLVTVSS
>q131
YYYYYGMDVWGKGTTVTVSS
>1ins:7R-16P|q132
RHYYGSFGDWGQGTLVTVSS
>1ins:4C-9C|q133
HFYYDAFDIWGQGTMVTVSS
>1ins:3C-20A|q134
YYRKDPPDYWGQGTLVTVSS
>1ins:5D-8G|q135
PYYYYYSGYWGQGTLVTVSS
>q136
YGHFYGLDVWGKGTTVTVSS
>q137
NLYHPVFDPWGQGTLVTVSS
>1ins:3C-17V|q138
YYGFYGMDVWGKGTTVTVSS
>1ins:4S-6T|q139
SYYYWYFGLWGRGTLVTVSS
>q140
YYYYYGMDVWGKGTTVTVSS
>1ins:3C-16G|q141
YYSLRYFDYWGQGTLVTVSS
>q142
CYYYYGMDVWGKGTTVTVSS
>q143
NYYYYGMDVWGKGTTVTVSS
>q144
IYSLQGIDYWGQGTLVTVSS
>q145
GFYYSGMDVWGKGTTVTVSS
>1ins:3C-16T|q146
YYRSYGMDVWGKGTTVTVSS
>1ins:3C-16N|q147
YYYYYGMDVWGKGTTVTVSS
>1ins:3C-16S|q148
YYYYYGMDVWGKGTTVTVSS
>q149
GYYYRAFGIWGQGTMVTVSS
>q150
GYYYGYFDYWGQGTLVTVSS
>q151
DYYYYGMDVWGKGTTVTVSS
>1ins:3C-16D|q152
YYYYYGMDVWGKGTTVTVSS
>1ins:3C-16D|q153
YYSYYGMDVWGKGTTVTVSS
>q154
YYYYYGMDVWGKGTTVTVSS
>q155
SYYNYGMDVWGKGTTVTVSS
>q156
YYYYYGMDVWGKGTTVTVSS
>1ins:3C-19D|q157
YYRNDAFDIWGQGTMVTVSS
>1ins:3C-16C|q158
YYLRGSSDHWGQGTLVTVSS
>1ins:3C-16G|q159
YYDLWLFDYRGQGTLVTVSS
>1ins:3C-16S|q160
YYYYPGLDVWGKGTTVTVSS
>q161
YYYYYGMDVWGKGTTVTVSS
>q162
GYYYYGMDVWGKGTTVTVSS
>q163
NYYYYGMDVWGKGTTVTVSS
>q164
GFYYYGMDVWGKGTTVTVSS
>q165
GFYYYGMDVWGKGTTVTVSS
>1ins:7R-22P|q166
AVYYCAFDYWGQGTLVTVSS
>1ins:3C-16G|q167
YYYVGWFDYWGQGTLVTVSS
>1ins:3C-16L|q168
YYDFRRFAPWGQGTLVTVSS
>1ins:8D-24G|q169
AVYYCARDYWGQGTLVTVSS
>q170
SFLSYAFDIWGQGTMVTVSS
>q171
YYYYYGMDVWGKGTTVTVSS
>1ins:3C-16R|q172
YYKTYYFDYWGQGTLVTVSS
>q173
SYYYYGMDVWGKGTTVTVSS
>q174
NFYHYGMDVWGKGTTVTVSS
>1ins:3C-16G|q175
YYGTCYFRFWGQGTLVTVSS
>q176
YYYYYGMDVWGKGTTVTVSS
>1ins:3C-15G|q177
YYSFRGFDYWGQGTLVTVSS
>q178
KYYYNGMDVWGKGTTVTVSS
>1ins:3C-16R|q179
YYYYGAMDVWGKGTTVTVSS
>1ins:4D-9F|q180
FYYDDVFDIWGQGTMVTVSS
>1ins:3C-15P|q181
YYYYLPLDTWGQGTLVTVSS
>1ins:3C-16I|q182
YYPEYYFDYWGQGTLVTVSS
>q183
YFFYYGMDVWGKGTTVTVSS
>1ins:3C-15C|q184
YYYATLFDYWGQGTLVTVSS
>q185
PYYYYGMDVWGKGTTVTVSS
>q186
GYYYNGMDVWGKGTTVTVSS
>1ins:3C-16R|q187
YYYYYALDVWGQGTMVTVSS
>1ins:3C-15V|q188
YYDGYYFDYWGQGTLVTVSS
>1ins:3D-6G|q189
YYYYPSFDYWGQGTLVTVSS
>q190
CYGDDAFDIWGQGTMVTVSS
>q191
SYFPNWFDSWGQGTLVTVSS
>1ins:3C-15V|q192
YYYYYGMDVWGKGTTVTVSS
>1ins:3C-15S|q193
YYLGDAFEIWGQGTMVTVSS
>q194
GYYHNWFDPWGQGTLVTVSS
>q195
QYYFYGMDVWGKGTTVTVSS
>q196
SYSHGLFDGWGQGTLVTVSS
>q197
SYSHGLFDGWGQGTLVTVSS
>1ins:3D-6G|q198
YYYYYYFDYWGQGTLVTVSS
>1ins:4G-11G|q199
HYYNDAFDIWGQGTMVTVSS
>q200
YSSGWYEDYWGQGTLVTVSS
>1ins:3C-15D|q201
YYIWSSFDYWGQGTLVTVSS
>1ins:3D-6A|q202
YYYYDAFDVWGQGTMVTVSS
>1ins:3C-15G|q203
YYSIGWFDSWGQGTLVTVSS
>q204
TYYYYGMDVWGKGTTVTVSS
>1ins:3C-17P|q205
--YYQGVDYWGQGTLVTVSS
>1ins:3C-14A|q206
YYPFDAFDIWGQGTMVTVSS
>q207
GYYYFGMDVWGKGTTVTVSS
>q208
AWPHGAFDIWGQGTMVTVSS
>q209
PHYYYGMDVWGKGTTVTVSS
>1ins:5C-18N|q210
AVYYNWFDPWGQGTLVTVSS
>1ins:3C-14A|q211
YYTVSYFDYWGQGTLVTVSS
>1ins:3C-15G|q212
YYDSWYFDYWGQGTLVTVSS
>q213
YNYYYGMDVWGKGTTVTVSS
>1ins:3C-15C|q214
YYYLYFYDFWGQGTLVTVSS
>1ins:3C-15C|q215
YYYERWFDPWGQGTLVTVSS
>q216
NYYYYGMDVWGKGTTVTVSS
>q217
WYYYYGMDVWGKGTTVTVSS
>1ins:4D-7G|q218
YYYYYPFDYWGQGTLVTVSS
>1ins:3C-14D|q219
YYVWGLVNHWGQGTLVTVSS
>1ins:3C-16P|q220
--YYGFFEYWGQGTLVTVSS
>q221
HDYYYGMDVWGKGTTVTVSS
>q222
SYFPNWFDFWGQGTLVTVSS
>q223
SWYEYYFDYWGQGTLVTVSS
>1ins:3C-14D|q224
YYYYYGMDVWGKGTTVTVSS
>1ins:7R-20P|q225
AVYYCAYDNWGQGTLVTVSS
>1ins:7K-20Q|q226
AVYYCAFDYWGQGTLVTVSS
>1ins:3C-14D|q227
YYYVQGGDYWGQGTLVTVSS
>1ins:3D-6G|q228
YYYYGGGDYWGQGTLVTVSS
>1ins:3C-15N|q229
YYYYYGMDVWGKGTTVTVSS
>q230
YYDSSPFDYWGQGTLVTVSS
>q231
LYYDYGMDVWGKGTTVTVSS
>1ins:3C-14G|q232
YYVVWYFDLWGRGTLVTVSS
>1ins:3C-14R|q233
YYGSGWFDPWGQGTLVTVSS
>1ins:3C-14Q|q234
YYKKYYFDYWGQGTLVTVSS
>q235
GYYSDAFDIWGQGTMVTVSS
>1ins:3C-17G|q236
--YYYGMDVWGQGTMVTVSS
>q237
SYSHGLFDGWGQGTLVTVSS
>1ins:3C-16P|q238
--YYGFFEYWGQGTLVTVSS
>1ins:3C-14L|q239
YYDYYGMDVWGKGTTVTVSS
>1ins:3C-14R|q240
YYYYYGLDVWGKGTTVTVSS
>q241
PYYYYGMDVWGKGTTVTVSS
>1ins:3C-14A|q242
YYCYEYFRYWGQGTLVTVSS
>1ins:3C-14V|q243
YYLSYYFQHWGQGTLVTVSS
>1ins:3C-14S|q244
YYSWFDFDYWGQGTLVTVSS
>q245
MFGAGPHGYWGQGTLVTVSS
>1ins:3C-15L|q246
YYPYYGMDVWGKGTTVTVSS
>q247
FAFDHYFDFWGQGTLVTVSS
>1ins:3D-6T|q248
YYGYQGFDPWGQGTLVTVSS
>1ins:3C-14S|q249
YYYYYGMDVWGKGTTVTVSS
>q250
YARGGYFDYWGQGTLVTVSS
>1ins:3C-14D|q251
YYTYWYFDLWGRGTLVTVSS
>1ins:3C-14D|q252
YYYYYGMDVWGKGTTVTVSS
>1ins:3C-14G|q253
YYVVEYFDYWGQGTLVTVSS
>1ins:3C-14C|q254
YYYSTVADYWGQGTLVTVSS
>1ins:3D-5S|q255
YYGYYSFDYWGQGTLVTVSS
>1ins:3C-14G|q256
YYLSDDFDYWGQGTLVTVSS
>q257
TFGINIYDYWGQGTLVTVSS
>1ins:3C-14E|q258
YYLFGGMDVWGKGTTVTVSS
>q259
CYRRSPLDYWGQGTLVTVSS
>1ins:3C-14Q|q260
YYLGSGFDYWGQGTLVTVSS
>q261
VYDFFTMDVWGKGTTVTVSS
>q262
GYYYYGMDVWGKGTTVTVSS
>1ins:3C-14G|q263
YYYYYGMDVWGKGTTVTVSS
>q264
NWNWYGMDVWGKGTTVTVSS
>1ins:4S-7S|q265
YYYSSHFDYWGQGTLVTVSS
>1ins:3C-14S|q266
YYCHSGFDPWGQGTLVTVSS
>q267
PHVWRYFDIWGRGTLVTVSS
>q268
YYYYYGMDVWGKGTTVTVSS
>q269
FNNYYGMDVWGKGTTVTVSS
>q270
YTAGGWFDPWGQGTLVTVSS
>1ins:3C-13P|q271
YYYYYGMDVWGKGTTVTVSS
>1ins:5C-17P|q272
AVYYHGMDVWGKGTTVTVSS
>1ins:5C-17P|q273
AVYYNNFDRWGQGTLVTVSS
>1ins:3C-13T|q274
YYFYYGMDVWGKGTTVTVSS
>1ins:3C-13T|q275
YYSNNWFDPWGQGTLVTVSS
>1ins:3C-13T|q276
YYGSWYFDLWGRGTLVTVSS
>1ins:3C-13V|q277
YYAANWFDPWGQGTLVTVSS
>q278
NWNSYPFDYWGQGTLVTVSS
>1ins:3C-13S|q279
YYTSYIIDYWGQGTLVTVSS
>1ins:3C-13P|q280
YYRVHYFHLWGRGTLVTVSS
>q281
NFHTNGFDYWGQGTLVTVSS
>1ins:3C-13A|q282
YYTVGYFDLWGRGTLVTVSS
>1ins:3C-15P|q283
--YYYYFDYWGQGTLVTVSS
>1ins:3C-13G|q284
YYDLLFLDYWGQGTLVTVSS
>1ins:3C-13S|q285
YYSSAWFDPWGQGTLVTVSS
>q286
YYYYYGMDVWGKGTTVTVSS
>1ins:3C-13G|q287
YYYNYYFDYWGQGTLVTVSS
>1ins:3C-13S|q288
YYCYFSFDYWGQGTLVTVSS
>q289
DYSNPGFDYWGQGTLVTVSS
>1ins:3C-13G|q290
YYWGDYCDHWGQGTLVTVSS
>1ins:6D-18E|q291
--YYCARDYWGQGTLVTVSS
>q292
YYNYYGMDVWGKGTTVTVSS
>1ins:3C-13T|q293
YYINCYLDYWGQGTLVTVSS
>1ins:3C-13C|q294
YYYPRWFDPWGQGTLVTVSS
>1ins:4S-6S|q295
YWYWRYFDYWGQGTLVTVSS
>1ins:3C-13V|q296
YYVLHSMDVWGKGTTVTVSS
>q297
DHYYYGMDVWGKGTTVTVSS
>1ins:5C-17P|q298
AVYYYGLDVWGKGTTVTVSS
>1ins:3C-13G|q299
YYWGDFCDSWGQGTLVTVSS
>1ins:5C-17P|q300
ALYYYYFDYWGQGTLVTVSS
>q301
QRYYYTIDYWGQGTLVTVSS
>q302
LYYLIYLDYWGQGTLVTVSS
>1ins:5C-17R|q303
AVYYDPMDVWGKGTTVTVSS
>1ins:3C-15G|q304
--YYPGFDPWGQGTLVTVSS
>q305
SYHFYGVDVWGKGTTVTVSS
>1ins:3C-13G|q306
YYWGDYCDSWGQGTLVTVSS
>1ins:3C-13C|q307
YYTLRYFDYWGQGTLVTVSS
>1ins:3C-13G|q308
YYSSWYFDLWGRGTLVTVSS
>1ins:3D-7P|q309
HYKRGTLDYWGQGTLVTVSS
>1ins:7R-19D|q310
AVYYCAFNIWGQGTMVTVSS
>1ins:3C-13R|q311
YYQSDAFDIWGQGTMVTVSS
>1ins:3R-13N|q312
YYSVAYFDYWGQGTLVTVSS
>q313
YGYYYWVDHWGQGTLVTVSS
>q314
YYYYYGMDVWGKGTTVTVSS
>1ins:5C-16P|q315
AVYYKVMDVWGKGTTVTVSS
>1ins:3C-12G|q316
YYWSEGFDIWGQGTMVTVSS
>q317
DWHYWYFDLWGRGTLVTVSS
>1ins:3C-12G|q318
YYHVDWVDPWGQGTLVTVSS
>1ins:5C-17G|q319
ATYYGVFDYWGQGTMVTVSS
>1ins:3C-12T|q320
YYIHGPYDHWGQGTLVTVSS
>1ins:7K-18P|q321
AVYYCVFDYWGQGTLVTVSS
>q322
GYYFDAFDIWGQGTMVTVSS
>1ins:3C-12G|q323
YYYEDAFDIWGQGTMVTVSS
>q324
WYQDGYFDYWGQGTLVTVSS
>1ins:3C-12V|q325
YYHYYGMDVWGKGTTVTVSS
>q326
PYNYYGMDVWGKGTTVTVSS
>1ins:3C-12L|q327
YYLKNYFDPWGQGTLVTVSS
>1ins:5C-16P|q328
AVYYYGMDVWGKGTTVTVSS
>1ins:3C-14G|q329
--YYGYFDYWGQGTLVTVSS
>q330
HFYYYGMDVWGKGTTVTVSS
>1ins:3C-12N|q331
YYYYYGMDVWGKGTTVTVSS
>1ins:8G-19P|q332
AVYYCARDCWGQGTLVTVSS
>1ins:3C-14L|q333
--YYYGMDVWGKGTTVTVSS
>1ins:3C-12P|q334
YYSVNWFDPWGQGTLVTVSS
>1ins:4D-7G|q335
RYYYSYFDSWGQGTLVTVSS
>q336
HFYYYGMDVWGKGTTVTVSS
>1ins:3C-14G|q337
--YYGWFDPWGQGTLVTVSS
>q338
DYYCYGMDVWGKGTTVTVSS
>1ins:3C-12S|q339
YYGSCYSDYWGQGTLVTVSS
>1ins:3G-6N|q340
YYYYSGFDYWGQGTLVTVSS
>q341
SWPRGWFDPWGQGTLVTVSS
>1ins:3C-14L|q342
--YYYGMDVWGKGTTVTVSS
>1ins:3C-12M|q343
YYTANWFDPWGQGTLVTVSS
>1ins:3C-12V|q344
YYTIDAFDIWGQGTMVTVSS
>q345
LYYYYGMDVWGKGTTVTVSS
>1ins:3C-14L|q346
--YYYGMDVWGQGTMVTVSS
>q347
YYYYYAMDVWGKGTTVTVSS
>q348
YYPTYGMDVWGKGTTVTVSS
>q349
SYVMSLFDYWGQGTLVTVSS
>1ins:3C-14G|q350
--YYGYFDYWGQGTLVTVSS
>q351
NAWYSSFYYWGQGTLVTVSS
>1ins:3C-12G|q352
YYRTSYFDYWGQGTLVTVSS
>1ins:5R-16L|q353
--YYCAFDIWGQGTMVTVSS
>1ins:3C-12G|q354
YYYYYRFDYWGQGTLVTVSS
>1ins:3C-12P|q355
YYGQDAFDIWGQGTMVTVSS
>2ins:3C-6A,etc|q356
YYYEEYVDYWGQGTLVTVSS
>q357
WSLHNWFDPWGQGTLVTVSS
>1ins:3C-12L|q358
YYSSYGMDVWGKGTTVTVSS
>1ins:3C-12P|q359
YYDYYAMDVWGKGTTVTVSS
>1ins:3C-12N|q360
YYYYVAFDYWGQGTLVTVSS
>q361
RYSYYGMDVWGKGTTVTVSS
>1ins:3C-12A|q362
YYGTHWFDPWGQGTLVTVSS
>q363
YNWNSWFDPWGQGTLVTVSS
>q364
PYYYYGMDVWGKGTTVTVSS
>q365
WLYIGQFESWGQGTLVTVSS
>1ins:3C-12R|q366
YYNHHGWDVWGKGTTVTVSS
>q367
TFTWSGFDYWGQGTLVTVSS
>q368
WSYDYGMDVWGKGTTVTVSS
>q369
NAWYFPLDYWGQGTLVTVSS
>1ins:3C-12P|q370
YYYLVDFDYWGQGTLVTVSS
>1ins:3C-12T|q371
YYQLDYFDYWGQGTLVTVSS
>1ins:3C-14G|q372
--YYWAFDLWGRGTLVTVSS
>1ins:3C-12M|q373
YYYYYGMDVWGKGTTVTVSS
>q374
YLDWSCLESWGQGTLVTVSS
>1ins:3D-5S|q375
YYGHGAFDIWGQGTMVTVSS
>q376
GYNYSPVDYWGQGTLVTVSS
>1ins:3C-12G|q377
YYATNYFDYWGQGTLVTVSS
>1ins:3C-12S|q378
YYRTGGFDYWGQGTLVTVSS
>q379
GYDYSYFDHWGQGTLVTVSS
>1ins:3C-12G|q380
YYWYEGPILWGQGTLVTVSS
>1ins:3C-12T|q381
YYACFFFDTWGQGTLVTVSS
>1ins:5C-16P|q382
AVYYKVMDVWGKGTTVTVSS
>q383
HQLVYWLIYWGQGTLVTVSS
>1ins:3C-12G|q384
YYSTYYFDYWGQGTLVTVSS
>1ins:3C-12R|q385
YYYFYFFDLWGRGTLVTVSS
>q386
NAWYDGFDPWGQGTLVTVSS
>1ins:3C-12G|q387
YYELSSVDVWGKGTTVTVSS
>1ins:3C-12G|q388
YYRTSHFDYWGQGTLVTVSS
>q389
WYRDNWFDPWGQGTLVTVSS
>q390
NAYYYGLDVWGKGTTVTVSS
>1ins:3C-11E|q391
YYLLREIAYWGQGTLVTVSS
>q392
NYAWGTYDSWGQGTLVTVSS
>q393
GSACYYFDYWGQGTLVTVSS
>q394
TWSRTWFDPWGQGTLVTVSS
>1ins:3C-11S|q395
YYAYYRFLYWGQGTLVTVSS
>1ins:3C-11R|q396
YYTREAFDIWGQGTMVTVSS
>1ins:5R-15R|q397
--YYCAFDFWGQGTLVTVSS
>q398
WFGELFLDYWGQGTLVTVSS
>1ins:3C-11K|q399
YYYYYGMDVWGKGTTVTVSS
>1ins:7T-17P|q400
AVYYCALDYWGQGTLVTVSS
>q401
YDILTGYYHWGQGTLVTVSS
>1ins:3C-11G|q402
YYDFLFFDYWGQGTLVTVSS
>1ins:3C-13K|q403
--YYYYFDYWGQGTLVTVSS
>1ins:3C-11A|q404
YYAMNPLDYWGQGTLVTVSS
>1ins:3C-11A|q405
YYGTESFDYWGQGTLVTVSS
>1ins:7R-17V|q406
AMYYCATDFWGQGTLVTVSS
>1ins:9P-19R|q407
AVYYCAKDHWGQGTLVTVSS
>q408
YAPLGWFDPWGQGTLVTVSS
>1ins:3C-11G|q409
YYTTWGCGYWGQGTLVTVSS
>q410
GAYYYVMDVWGKGTTVTVSS
>1ins:3D-5S|q411
YYGYPTFDYWGQGTLVTVSS
>1ins:7K-17P|q412
AVYYCAFDYWGQGTLVTVSS
>1ins:4G-5S|q413
HYYGGHFDYWGQGTLVTVSS
>1ins:3C-11A|q414
YYGYNWFDPWGQGTLVTVSS
>q415
NYDSSPFDYWGQGTLVTVSS
>q416
YNWNYLPDYWGQGTLVTVSS
>1ins:3C-11S|q417
YYYWSPFDYWGQGTLVTVSS
>1ins:3C-11D|q418
YYPSWYFDLWGRGTLVTVSS
>q419
YGSGNGMDVWGKGTTVTVSS
>1ins:3C-11S|q420
YYHPYHINYWGQGTLVTVSS
>1ins:3C-11S|q421
YYWTSRLDYWGQGTLVTVSS
>1ins:3C-11G|q422
YYYFGGFEYWGQGTLVTVSS
>1ins:3C-11T|q423
YYLPNYFDYWGQGTLVTVSS
>1ins:3C-11T|q424
YYGYYTGDYWGQGTLVTVSS
>1ins:5S-15G|q425
--YYCARDYWGQGTLVTVSS
>q426
GYDPYYFDHWGQGTLVTVSS
>1ins:3C-11R|q427
YYTPRWLDPWGQGTLVTVSS
>q428
DYDSFWFDPWGQGTLVTVSS
>1ins:3C-11D|q429
YYYQLNFDYWGQGTLVTVSS
>1ins:3C-11S|q430
YYGWYPVDYWGQGTLVTVSS
>1ins:3C-11S|q431
YYYYGSYDYWGQGTLVTVSS
>1ins:5C-15G|q432
AVYYVYFDYWGQGTLVTVSS
>q433
GYDLYYFDYWGQGTLVTVSS
>1ins:3C-13R|q434
--YYYYFDYWGQGTLVTVSS
>1ins:1Y-3S|q435
GYDSAGMDVWGKGTTVTVSS
>1ins:7R-17P|q436
ATYYCAYDYWGQGTLVTVSS
>1ins:3C-11Q|q437
YYHFLGFQHWGQGTLVTVSS
>q438
YKSVYWFDPWGQGTLVTVSS
>1ins:3C-11S|q439
YYPYASFDLWGQGTMVTVSS
>1ins:3C-11S|q440
YYGWDPLEYWGQGTLVTVSS
>1ins:3C-11R|q441
YYYPGWFDPWGQGTLVTVSS
>q442
YWGGYYFDYWGQGTLVTVSS
>1ins:3C-11P|q443
YYAAMSFDYWGQGTLVTVSS
>q444
YTNNWPIDRWGQGTLVTVSS
>1ins:5C-15G|q445
ALYYHGMDVWGKGTTVTVSS
>1ins:3C-11G|q446
YYSYGQVDYWGQGTLVTVSS
>q447
FFPRGWFDPWGQGTLVTVSS
>1ins:3C-11S|q448
YYWYLWFDPWGQGTLVTVSS
>1ins:3C-11N|q449
YYSWWGFDFWGQGTLVTVSS
>q450
RYGRDAIDIWGQGTMVTVSS
>1ins:3C-11W|q451
YYLEVYFDSWGQGTLVTVSS
>q452
SWYANWFDPWGQGTLVTVSS
>1ins:3C-12K|q453
--YYDGMDVWGKGTTVTVSS
>1ins:3C-10D|q454
YYSSWNFDYWGQGTLVTVSS
>1ins:3C-10A|q455
YYSMYYFDYWGQGTLVTVSS
>q456
YCGGDCSDYWGQGTLVTVSS
>q457
YSSSWVFDYWGQGTLVTVSS
>1ins:3C-10A|q458
YYARHYFDYWGQGTLVTVSS
>2ins:3C-5A,etc|q459
YYPYYYADYWGQGTLVTVSS
>1ins:5C-14D|q460
AVYYDAFDIWGQGTMVTVSS
>1ins:3C-10G|q461
YYTGSFFEYWGQGTLVTVSS
>1ins:3C-12G|q462
--YYWSFDYWGQGTLVTVSS
>1ins:3C-10Q|q463
YYPRGWFDPWGQGTLVTVSS
>1ins:3C-10A|q464
YYHGYYFDYWGQGTLVTVSS
>1ins:3G-3G|q465
YYSGSYYSDWGQGTLVTVSS
>q466
SYYEGAFDIWGQGTMVTVSS
>1ins:3C-10G|q467
YYFARGFDPWGQGTLVTVSS
>1ins:3C-10G|q468
YYDSYYFDYWGQGTLVTVSS
>1ins:3C-10R|q469
YYNAGRIDYWGQGTLVTVSS
>1ins:3C-12G|q470
--YYYYKNYWGQGTLVTVSS
>1ins:3C-10A|q471
YYRVNPFDYWGQGTLVTVSS
>1ins:3D-5S|q472
HYGYYYVDYWGQGTLVTVSS
>1ins:3C-10A|q473
YYFLTAYDYWGQGTLVTVSS
>1ins:3C-10R|q474
YYGYWACDSWGQGTLVTVSS
>1ins:3C-12G|q475
--YYYYFDYWGQGTLVTVSS
>1ins:3C-10R|q476
YYGVITFDPWGQGTLVTVSS
>1ins:3C-10G|q477
YYYSDAFDIWGQGTMVTVSS
>1ins:3C-10A|q478
YYMAGLVDYWGQGTLVTVSS
>1ins:8H-17P|q479
AMYYCARDYWGQGTLVTVSS
>1ins:3C-10G|q480
YYIQFYFDYWGQGTLVTVSS
>1ins:3C-10S|q481
YYRVEYFQNWGQGTLVTVSS
>1ins:3C-10N|q482
YYWGNWFDPWGQGTLVTVSS
>q483
YGDSHSLDYWGQGTLVTVSS
>q484
FWSGYYPGYWGQGTLVTVSS
>q485
YDSSGYYPNWGQGTLVTVSS
>1ins:3C-10S|q486
YYSAYYLDYWGQGTLVTVSS
>1ins:3C-10T|q487
YYTRRWFDPWGQGTLVTVSS
>1ins:9M-16Y|q488
YYCARGLTYWGQGTLVTVSS
>1ins:3C-10R|q489
YYRHDAFDIWGQGTMVTVSS
>1ins:3C-10A|q490
YYTINWFDPWGQGTLVTVSS
>1ins:3C-10V|q491
YYAEKYFDYWGQGTLVTVSS
>1ins:3C-10L|q492
YYSPNWFDPWGQGTLVTVSS
>1ins:3C-10V|q493
YYTAKFFDFWGQGTLVTVSS
>1ins:3C-10R|q494
YYSVWLLHLWGQGTLVTVSS
>1ins:3C-12G|q495
--YYYGFDPWGQGTLVTVSS
>q496
DYARGAFDIWGQGTMVTVSS
>1ins:3C-10P|q497
YYGFTDFDVWGQGTMVTVSS
>1ins:3C-10P|q498
YYYRFLPDYWGQGTLVTVSS
>1ins:3C-10S|q499
YYATHPLDYWGQGTLVTVSS
>1ins:3C-10A|q500
YYMGTYFDYWGQGTLVTVSS
>1ins:3C-12G|q501
--YYKTFDIWGQGTMVTVSS
>1ins:3C-10T|q502
YYMGTYFDYWGQGTLVTVSS
>q503
TWGWYPFDYWGQGTLVTVSS
>q504
IYGSSWSDYWGQGTLVTVSS
>1ins:3C-10A|q505
YYVAGAWVNWGQGTLVTVSS
>q506
DYTNSRFDYWGQGTLVTVSS
>q507
GWPYWYFDLWGRGTLVTVSS
>1ins:3C-10L|q508
YYWDNWFDPWGQGTLVTVSS
>1ins:3C-10S|q509
YYSWAVFDPWGQGTLVTVSS
>1ins:7R-16P|q510
AVYYCATDYWGQGTLVTVSS
>q511
YGYYYGMDVWGKGTTVTVSS
>1ins:5C-14N|q512
AVYYDAFDIWGQGTMVTVSS
>q513
DYYYYGMDVWGKGTTVTVSS
>1ins:5C-14D|q514
AVYYYGFDFWGQGTLVTVSS
>1ins:7K-16I|q515
AVYYCAFDYWGQGTLVTVSS
>q516
GYNPNWFDPWGQGTLVTVSS
>1ins:3C-10L|q517
YYGLENIDYWGQGTLVTVSS
>1ins:3C-10S|q518
YYHQEGADYWGQGTLVTVSS
>1ins:3C-10M|q519
YYVQSFCNYWGQGTLVTVSS
>1ins:3C-10A|q520
YYATLHFDNWGQGTLVTVSS
>1ins:3C-12R|q521
--YYNDFDFWGQGTLVTVSS
>1ins:3C-10S|q522
YYGWPCMDVWGKGTTVTVSS
>1ins:3C-10G|q523
YYYSYELDYWGQGTLVTVSS
>1ins:7K-16P|q524
ALYYCALDYWGQGTLVTVSS
>1ins:3G-3G|q525
YYSGSIFDYWGQGTLVTVSS
>1ins:3C-12E|q526
--YYNTTDFWGQGTMVTVSS
>1ins:3C-10S|q527
YYTRTSHDFWGQGTLVTVSS
>1ins:3C-10A|q528
YYPASIMAHWGQGTLVTVSS
>1ins:3C-10S|q529
YYSWYLFDYWGQGTLVTVSS
>1ins:8P-16P|q530
AVYYCSIGYWGQGTLVTVSS
>1ins:3C-11G|q531
--YYRGLESWGQGTLVTVSS
>1ins:3C-9G|q532
YYSSWPFDYWGQGTLVTVSS
>1ins:3C-9V|q533
YYVARGLEYWGQGTLVTVSS
>1ins:3C-9S|q534
YYSGYLSGDWGQGTLVTVSS
>1ins:3C-9G|q535
YYLGTGFDHWGQGTLVTVSS
>1ins:3C-9R|q536
YYDVYNGDYWGQGTLVTVSS
>1ins:9Y-17A|q537
AVYYCAQDHWGQGTLVTVSS
>1ins:3C-9D|q538
YYYYYGMDVWGKGTTVTVSS
>1ins:3C-9A|q539
YYGYYGMDVWGKGTTVTVSS
>1ins:3C-9S|q540
YYSWHSFDYWGQGTLVTVSS
>1ins:3C-9S|q541
YYSSCQLDYWGQGTLVTVSS
>1ins:3C-9A|q542
YYTITAFDYWGQGTLVTVSS
>1ins:5C-13Q|q543
AVYYTYFDYWGQGTLVTVSS
>1ins:7V-14I|q544
VYYCAYFDYWGQGTLVTVSS
>1ins:3C-10A|q545
-YYGRIFDYWGQGTLVTVSS
>1ins:3C-9T|q546
YYVTTTFDTWGQGTLVTVSS
>1ins:3C-9Q|q547
YYLGSLFDYWGQGTLVTVSS
>1ins:3C-9G|q548
YYACSYFDCWGQGTLVTVSS
>1ins:8D-16S|q549
AVYYCARDYWGQGTLVTVSS
>1ins:5C-13P|q550
AVYYTSFDYWGQGTLVTVSS
>1ins:7R-15T|q551
AMYYCATDYWGQGTLVTVSS
>1ins:5R-13P|q552
--YYCAFDSWGQGTLVTVSS
>q553
YGSGNSFDSWGQGTLVTVSS
>q554
YGSGSLFDYWGQGTLVTVSS
>1ins:5C-13N|q555
AVYYFGMDVWGKGTTVTVSS
>1ins:9R-15I|q556
YYCARGDDYWGQGTLVTVSS
>1ins:3C-9L|q557
YYSTNFFDSWGQGTLVTVSS
>1ins:3C-9M|q558
YYATTYFDYWGQGTLVTVSS
>1ins:3C-9G|q559
YYVLPALDHWGQGTLVTVSS
>1ins:3C-11G|q560
--YYRTFDIWGQGTMVTVSS
>1ins:3C-11G|q561
--YYSACDYWGQGTLVTVSS
>1ins:3C-9G|q562
YYRGQGLDYWGQGTLVTVSS
>q563
DYGDYFFDYWGQGTLVTVSS
>1ins:3C-9G|q564
YYQQLAFDYWGQGTLVTVSS
>1ins:3C-9L|q565
YYASYGMDVWGKGTTVTVSS
>1ins:3C-9G|q566
YYSYGKVDYWGQGTLVTVSS
>q567
GYYYYGMDVWGKGTTVTVSS
>1ins:3C-9P|q568
YYGSDAFDIWGQGTMVTVSS
>1ins:10E-18D|q569
AVYYCAKDRWGQGTLVTVSS
>q570
YYESSGFDYWGQGTLVTVSS
>1ins:3C-9G|q571
YYYDGYFDYWGQGTLVTVSS
>q572
GYNSKYFDYWGQGTLVTVSS
>1ins:3C-9G|q573
YYYNYVFDYWGQGTLVTVSS
>1ins:3C-9V|q574
YYLREGIDPWGQGTLVTVSS
>1ins:5C-13G|q575
AVYYYCLDNWGQGTLVTVSS
>1ins:3C-9P|q576
YYYYYGMGVWGKGTTVTVSS
>1ins:3C-9I|q577
YYYYSWFDPWGQGTLVTVSS
>1ins:7R-15D|q578
AVYYCAFDYWGQGTLVTVSS
>1ins:3C-9Q|q579
YYGSSGWKHWGQGTLVTVSS
>1ins:3C-9G|q580
YYSRWYLYYWGQGTLVTVSS
>1ins:5C-13D|q581
ATYYWYFDLWGRGTLVTVSS
>q582
YSGSYSFDSWGQGTLVTVSS
>1ins:3C-9G|q583
YYDYGGFDCWGQGTLVTVSS
>1ins:3C-9G|q584
YYSGTYYDYWGQGTLVTVSS
>1ins:3C-9G|q585
YYWYWYFDVWGRGTLVTVSS
>1ins:3C-9S|q586
YYGMWYFDLWGRGTLVTVSS
>1ins:3C-9P|q587
YYGTVYFDLWGQGTLVTVSS
>q588
HDYGATLDYWGQGTLVTVSS
>1ins:3C-9Q|q589
YYLGSIFNSWGQGTLVTVSS
>1ins:3C-9V|q590
YYWTYNFDQWGQGTLVTVSS
>1ins:3C-9A|q591
YYAAGPFDYWGQGTLVTVSS
>1ins:3C-9S|q592
YYYTNYAAFWGQGTLVTVSS
>1ins:3C-9G|q593
YYSWDAFDIWGQGTMVTVSS
>1ins:3C-10V|q594
-YYTTTFDTWGQGTLVTVSS
>1ins:3C-9G|q595
YYYSYGSDFWGQGTLVTVSS
>q596
YFEGKTFDYWGQGTLVTVSS
>1ins:3C-10H|q597
YYLVRYFD-WGQGTLVTVSS
>1ins:3C-9A|q598
YYASNGMDVWGKGTTVTVSS
>1ins:3C-9V|q599
YYAYDAFDIWGQGTMVTVSS
>q600
YANFHLVDPWGQGTLVTVSS
>1ins:3C-9G|q601
YYGLYYFDCWGQGTLVTVSS
>1ins:3C-9S|q602
YYTNSELDFWGQGTLVTVSS
>1ins:5C-13P|q603
AVYYYIMDVWGKGTTVTVSS
>1ins:3C-9F|q604
YYHGEVYDYWGQGTLVTVSS
>q605
HSSGSFFDYWGQGTLVTVSS
>q606
FLYYYGMDVWGKGTTVTVSS
>1ins:3C-9R|q607
YYAAARVDYWGQGTLVTVSS
>1ins:3C-9A|q608
YYTWGAFDIWGQGTMVTVSS
>1ins:3C-9E|q609
YYLAGGMDVWGKGTTVTVSS
>q610
YSSVWLAPKWGQGTLVTVSS
>1ins:7T-15T|q611
AVYYCTFGNWGQGTMVTVSS
>1ins:3C-9S|q612
YYNVWYIDYWGQGTLVTVSS
>1ins:5C-13P|q613
AVYYYVMDVWGQGTMVTVSS
>1ins:3C-9G|q614
YYITGAFHIWGQGTMVTVSS
>1ins:3C-9S|q615
YYNVWYIDYWGQGTLVTVSS
>1ins:5C-13P|q616
AVYYKIMDVWGKGTTVTVSS
>1ins:3C-9G|q617
YYNVFTLWNWGQGTLVTVSS
>1ins:3C-8S|q618
YYLYYGMDVWGKGTTVTVSS
>1ins:3C-8R|q619
YYYSYAHDYWGQGTLVTVSS
>1ins:9G-16P|q620
AVYYCVRDVWGKGTTVTVSS
>q621
YWTGGDLDYWGQGTLVTVSS
>1ins:3C-8Q|q622
YYSWYSTDYWGQGTLVTVSS
>1ins:3C-8E|q623
YYGYSPFDYWGQGTLVTVSS
>1ins:3C-8G|q624
YYVNNAFDIWGQGTMVTVSS
>1ins:3C-8G|q625
YYDYGGFSSWGQGTLVTVSS
>1ins:3C-8V|q626
YYGASTFDSWGQGTLVTVSS
>1ins:3C-8G|q627
YYGFNYFDYWGQGTLVTVSS
>1ins:8I-15E|q628
AVYYCASDSWGQGTLVTVSS
>1ins:5C-12D|q629
AVYYYGLDVWGKGTTVTVSS
>1ins:3C-8A|q630
YYSSKPFDYWGQGTLVTVSS
>1ins:3C-8G|q631
YYATSYFEYWGQGTLVTVSS
>1ins:3C-8G|q632
YYYSPWFDPWGQGTLVTVSS
>1ins:3C-8L|q633
YYELPWFDPWGQGTLVTVSS
>1ins:9L-16I|q634
AMYYCARHYWGQGTLVTVSS
>1ins:3C-8G|q635
YYPYGYYEYWGQGTLVTVSS
>1ins:3C-10G|q636
--YYFTFAYWGQGTLVTVSS
>1ins:3C-10G|q637
--YYYYLDFWGQGTLVTVSS
>1ins:3C-8P|q638
YYIVEAFDIWGQGTMVTVSS
>1ins:3C-8T|q639
YYYGGRFDPWGQGTLVTVSS
>q640
YDFRNGLDVWGKGTTVTVSS
>1ins:3C-10D|q641
--YYGWFDPWGQGTLVTVSS
>2ins:1T-1T,etc|q642
AVYYWRADQWGQGTLVTVSS
>1ins:3C-8E|q643
YYVMGWFDPWGQGTLVTVSS
>q644
HYDSSGYYLWGQGTLVTVSS
>1ins:3C-10G|q645
--YYAGFDYWGQGTLVTVSS
>1ins:3C-8G|q646
YYYGLGFDYWGQGTLVTVSS
>1ins:5C-12D|q647
AVYYNGMDVWGKGTTVTVSS
>1ins:3C-8A|q648
YYALGHFDYWGQGTLVTVSS
>1ins:3C-8R|q649
YYTTAWLGYWGQGTLVTVSS
>1ins:3C-10G|q650
--YYGYFDLWGRGTLVTVSS
>1ins:10G-17Y|q651
AVYYCASDIWGQGTLVTVSS
>1ins:3C-8E|q652
YYYLYNLDYWGQGTLVTVSS
>1ins:10S-17D|q653
AVYYCAREVWGQGTMVTVSS
>1ins:8E-15P|q654
AVYYCARDYWGQGTLVTVSS
>1ins:3C-8G|q655
YYWPYYFENWGQGTLVTVSS
>1ins:9S-53C|q656
GSEKYYVDFWGQGTLVTVSS
>q657
TYHWNDLSAWGQGTLVTVSS
>1ins:3C-8T|q658
YYLTEPFDYWGQGTLVTVSS
>1ins:3C-8A|q659
YYGYGYFDFWGQGTLVTVSS
>1ins:3C-8L|q660
YYPSQNFDYWGQGTLVTVSS
>1ins:8I-15P|q661
AVYYCARDYWGQGTLVTVSS
>1ins:3C-10N|q662
--YYYQANYWGQGTLVTVSS
>1ins:5R-12N|q663
--YYCAFDYWGQGTLVTVSS
>1ins:5C-12P|q664
AVYYDGMDVWGKGTTVTVSS
>1ins:3C-8L|q665
YYAVAGFDYWGQGTLVTVSS
>1ins:3C-8I|q666
YYVLYGMDVWGKGTTVTVSS
>1ins:3C-8L|q667
YYDQDAFDIWGQGTMVTVSS
>1ins:3C-8S|q668
YYIGEAVDGWGQGTLVTVSS
>1ins:3G-4S|q669
HYGSYSTDYWGQGTLVTVSS
>1ins:3C-8G|q670
YYFTYGVDYWGQGTLVTVSS
>1ins:3C-10E|q671
--YYNPFDHWGQGTLVTVSS
>2ins:3C-4T,etc|q672
YYTYTIFDYWGQGTLVTVSS
>1ins:5C-12P|q673
AVYYRSIGYWGQGTLVTVSS
>1ins:3C-8A|q674
YYGFGWFDPWGQGTLVTVSS
>q675
QYSSSSADYWGQGTLVTVSS
>1ins:3C-10G|q676
--YYYNYDYWGQGTLVTVSS
>1ins:3C-8R|q677
YYATTGFDYWGQGTLVTVSS
>1ins:5C-12P|q678
AVYYKSIGYWGQGTLVTVSS
>1ins:3C-8V|q679
YYFRDYFDSWGQGTLVTVSS
>q680
HSSNWFFDFWGQGTLVTVSS
>1ins:3C-8D|q681
YYSARYIDYWGQGTLVTVSS
>q682
HYGDYSFDLWGRGTLVTVSS
>1ins:3C-7F|q683
YYMAGWFGAWGQGTLVTVSS
>1ins:3C-7G|q684
YYEYGGGDYWGQGTLVTVSS
>1ins:3C-7S|q685
YYSWDHFDHWGQGTLVTVSS
>1ins:3C-7P|q686
YYPLRFLDYWGQGTLVTVSS
>1ins:3C-7G|q687
YYDSRSYDYWGQGTLVTVSS
>1ins:3C-7G|q688
YYDYSNYAYWGQGTLVTVSS
>1ins:3C-7D|q689
YYIAAAVDYWGQGTLVTVSS
>1ins:5C-11D|q690
AMYYYGMDVWGKGTTVTVSS
>1ins:3C-9G|q691
--YYSGFDYWGQGTLVTVSS
>1ins:3C-7S|q692
YYVAGDLDYWGQGTLVTVSS
>1ins:8G-14N|q693
AVYYCARDYWGQGTLVTVSS
>1ins:3C-7S|q694
YYSSSSFDYWGQGTLVTVSS
>1ins:3C-7N|q695
YYSPDVFDLWGQGTMVTVSS
>q696
GYSGYDFDYWGQGTLVTVSS
>1ins:8G-14N|q697
AVYYCARDYWGQGTLVTVSS
>1ins:3C-7Q|q698
YYSFGPFDYWGQGTLVTVSS
>1ins:3C-7V|q699
YYRYSSVDYWGQGTLVTVSS
>1ins:3C-7S|q700
YYGWNAHDFWGQGTLVTVSS
>1ins:3C-7S|q701
YYSSYGMDVWGKGTTVTVSS
>1ins:3C-7S|q702
YYYGDYADYWGQGTLVTVSS
>1ins:9S-15H|q703
AVYYCAKDYWGQGTLVTVSS
>1ins:3C-7L|q704
YYNYDYGDYWGQGTLVTVSS
>1ins:3C-7S|q705
YYAWSEFDYWGQGTLVTVSS
>1ins:3C-7H|q706
YYSRAGIDYWGQGTLVTVSS
>1ins:3C-7R|q707
YYGYEMLDFWGQGTLVTVSS
>1ins:3C-7G|q708
YYGLSRFDPWGQGTLVTVSS
>1ins:3C-7C|q709
YYYGDMADVWGKGTTVTVSS
>1ins:3C-7S|q710
YYGWNAHDFWGQGTLVTVSS
>q711
RFGEFPFDYWGQGTLVTVSS
>1ins:3C-7Q|q712
YYGAKYFDYWGQGTLVTVSS
>1ins:3C-9K|q713
--YYHGMDVWGKGTTVTVSS
>1ins:3C-7G|q714
YYYSHGFDIWGQGTMVTVSS
>1ins:3C-7F|q715
YYGAHWFDPWGQGTLVTVSS
>1ins:3C-7I|q716
YYSGEGFDYWGQGTLVTVSS
>1ins:3C-7K|q717
YYMAGITDYCGQGTLVTVSS
>1ins:7R-13K|q718
AVYYCAFDYWGQGTLVTVSS
>1ins:3C-7L|q719
YYELDAFDIWGQGTMVTVSS
>1ins:3C-7I|q720
YYFGEAYDYWGQGTLVTVSS
>1ins:3C-7I|q721
YYFGEALDYWGQGTLVTVSS
>1ins:3C-7G|q722
YYSGSPLDYWGQGTLVTVSS
>1ins:3C-7W|q723
YYLRGGFDLWGQGTMVTVSS
>q724
RWAVAGLDFWGQGTLVTVSS
>1ins:10P-16N|q725
AVYYCTREIWGQGTLVTVSS
>1ins:3C-7H|q726
YYGGNWLDPWGQGTLVTVSS
>1ins:3C-7D|q727
-YYYGGTEGCGQGTLVTVSS
>1ins:8L-13R|q728
AVYYCCFDYWGQGTLVTVSS
>q729
RYAWPRFDYWGQGTLVTVSS
>1ins:3C-6H|q730
YYGTYTFYIWGQGTMVTVSS
>1ins:3C-6S|q731
YYVEWGLDVWGQGTMVTVSS
>q732
VWFGDGFDTWGQGTMVTVSS
>1ins:5C-10G|q733
AVYYWTSGDWGQGTLVTVSS
>1ins:3C-6G|q734
YYIAAAGDYWGQGTLVTVSS
>1ins:3C-6A|q735
YYSSSLSDYWGQGTLVTVSS
>1ins:4C-8A|q736
VYYGWLIDYWGQGTLVTVSS
>1ins:3C-6D|q737
YYPYGPLDYWGQGTLVTVSS
>1ins:3C-6Q|q738
YYSGSYSSYWGQGTLVTVSS
>1ins:3C-6E|q739
YYRSSATTVWGQGTLVTVSS
>1ins:3C-6A|q740
YYMVSSFDYWGQGTLVTVSS
>1ins:3C-6G|q741
YYEIGTMAVWGKGTTVTVSS
>1ins:3C-6G|q742
YYSNFYFDYWGQGTLVTVSS
>1ins:3C-6G|q743
YYGSSSCDYWGQGTLVTVSS
>1ins:3C-6G|q744
YYVVPAADVWGKGTTVTVSS
>1ins:8G-13P|q745
AVYYCARDFWGQGTLVTVSS
>1ins:3C-6N|q746
YYTAMGYDYWGQGTLVTVSS
>1ins:9P-14G|q747
AVYYCARDYWGQGTLVTVSS
>1ins:7R-12D|q748
AVYYCALDNWGQGTLVTVSS
>1ins:7R-12D|q749
AVYYCALDYWGQGTLVTVSS
>1ins:8G-13P|q750
AVYYCARDFWGQGTLVTVSS
>1ins:3C-6I|q751
YYQNWGLVYWGQGTLVTVSS
>1ins:3C-6G|q752
YYPRTYFDSWGQGTLVTVSS
>1ins:10G-15D|q753
AVYYCARDFWGQGTLVTVSS
>1ins:3C-6D|q754
YYTVAGIDYWGQGTLVTVSS
>1ins:3C-6G|q755
YYTSEWFDPWGQGTLVTVSS
>q756
RWYQYGMDVWGKGTTVTVSS
>1ins:3C-6L|q757
YYDTSYHDFWGQGTLVTVSS
>1ins:3C-6Q|q758
YYYSSSWSYWGQGTLVTVSS
>1ins:8G-13P|q759
AVYYCAKDFWGQGTLVTVSS
>1ins:3C-6V|q760
YYGVDLIDYWGQGTLVTVSS
>1ins:3C-6G|q761
YYNIWVFDYWGQGTLVTVSS
>1ins:7R-12D|q762
AVYYCAFDYWGQGTLVTVSS
>q763
RYISGHFDYWGQGTLVTVSS
>1ins:9T-14G|q764
AVYYCSADSWGQGTLVTVSS
>1ins:5C-10N|q765
AVYYSGVDVWGKGTTVTVSS
>1ins:3C-6G|q766
YYYLGPIDYWGQGTLVTVSS
>1ins:9W-13A|q767
AVYYCVRDFWGQGTLVTVSS
>1ins:3C-5R|q768
YYGATSFDYWGQGTLVTVSS
>1ins:3C-5Q|q769
YYWSQPFDYWGQGTLVTVSS
>1ins:3C-6L|q770
-YYDEYFERWGQGTLVTVSS
>1ins:3C-5R|q771
YYRGNWFDPWGQGTLVTVSS
>1ins:3C-5D|q772
YYSGWYSGYWGQGTLVTVSS
>1ins:3C-5R|q773
YYGQFSLLFWGQGTLVTVSS
>1ins:7R-11R|q774
AVYYCAIDIWGQGTMVTVSS
>1ins:3C-5R|q775
YYGAATLDYWGQGTLVTVSS
>1ins:3C-5R|q776
YYNHYGMDVWGKGTTVTVSS
>1ins:3C-5R|q777
YYGAGWYHYWGQGTLVTVSS
>1ins:3C-5R|q778
YYKTYAFDYWGQGTLVTVSS
>1ins:10G-14R|q779
AVYYCARESWGQGTLVTVSS
>1ins:9D-13G|q780
AVYYCARDGWGQGTLVTVSS
>1ins:3C-5R|q781
YYDQGAFDYWGQGTLVTVSS
>1ins:3C-5R|q782
YYGRDWVDYWGQGTLVTVSS
>1ins:10P-14P|q783
AVYYCARDAWGQGTLVTVSS
>1ins:10S-14L|q784
ALYYCAKDIWGQGTLVTVSS
>1ins:9N-13V|q785
AVYYCGRDTWGQGTLVTVSS
>1ins:6T-10G|q786
AVYYCYNPTWGQGTLVTVSS
>1ins:3C-5R|q787
-YYHTYFDYWGQGTLVTVSS
>1ins:3C-4A|q788
YYRGRNLALWGQGTLVTVSS
>1ins:8D-11E|q789
AVYYCARDYWGQGTLVTVSS
>1ins:5C-8D|q790
AVYYTYLDYWGQGTLVTVSS
>1ins:3C-4A|q791
YYRHDWFDPWGQGTLVTVSS
>1ins:9V-12G|q792
AVYYCANPYWGQGTLVTVSS
>1ins:7T-10L|q793
--YYCAKQHWGQGTLVTVSS
>1ins:7R-10D|q794
AVYYCALDSWGQGTLVTVSS
>1ins:3C-6G|q795
--YYLGLEYWGQGTLVTVSS
>1ins:5C-8G|q796
AVYYDGLDVWGKGTTVTVSS
>1ins:3C-4A|q797
YYRSVGVDYWGQGTLVTVSS
>1ins:9S-48G|q798
GSEKYYVDYWGQGTLVTVSS
>1ins:3C-3C|q799
YYTSGPLGNWGQGTLVTVSS
>q800
YCARALFLYGGQGTLVTVSS
>q801
YYCARDVSYWGQGTLVTVSS
>1ins:9N-10P|q802
AVYYCARDAVGQGTLVTVSS
>q803
VYYCESRGHWGQGTLVTVSS
>q804
VYYCVSGTLWGQGTLVTVSS
>1ins:10W-12T|q805
AVYYCVKDLWGQGTLVTVSS
>q806
YCVKDVWDLWGQGTLVTVSS
>1ins:7R-18N|q807
AVYYCVFDYWGQGTLVTVSS
>1ins:3C-11A|q808
YYTGNYFDYWGQGTLVTVSS
>1ins:3C-15P|q809
--YYGAFDYWGQGTHVTVSS
>1ins:9G-16Y|q810
AFYYCASPRWGQGTLVTVSS
>1ins:3C-16P|q811
--YYHGFDIWGQGTMVTVSS
>q812
YLKKNCFDPWGHGTLVTVSS
>q813
NSYYYGLDVWGQGTTVAVSS
>1ins:5C-13G|q814
AVYYSPFDFWGQGTLVTVSS
>q815
SYSHGLLDGWGKGTLVTVSS
>1ins:3C-7R|q816
YYGYEMLDFWGQGTLVIVSS
>1ins:8G-17D|q817
AVYYCAKDYWGQGTLVTVSS
>q818
SYFPNWFDPWGQGTLVTVSS
>1ins:3C-10V|q819
YYKTSGFDFWGQGTLVTVSS
>1ins:3C-11P|q820
YYDVFHIRTWGQGTLVTVSS
>1ins:9P-11Y|q821
AIYYCASQYWGQGTLVTVSS
>1ins:3C-14A|q822
YYPFDAFDIWGQGTVVAVSS
>q823
KYYYNGMDVWGQGTTVTVSS
>q824
DYDSFWFDPWGQGTPVTVSS
>q825
SYSHGLLDGWGKGTLVTVSS
>1ins:1Q-1Q|q826
SYSHGLLDGWGKGTLVTVSS
>1ins:3C-9G|q827
YYGSWANDPWGQGTLVTVSS
>1ins:3C-12G|q828
YYRTSHFDYWGQGTLVTVSS
>1ins:3C-9G|q829
YYVLPALDYWGQGTLVTVSS
>1ins:4C-11T|q830
-FYYYYFHYWGQGTLVTVSS
>1ins:3C-8P|q831
YFFFRLPDRWGQGALVTVSS
>1ins:5R-12N|q832
--YYCAFDYWGQGTLVTVSS
>1ins:3C-9E|q833
--YYYSMDVWGQGTTVTVSS
>q834
RYAWPLFDYWGQGILVTVSS
>1ins:10S-12D|q835
AVYYCARDPWGQGTLVTVSS
>1ins:3C-19R|q836
YYREFGMDLWDQGTTVTVSS
>q837
PYYGPFMDVWGQGTTVTVSS
>1ins:3C-16S|q838
YYYYPGLDVWGQGTTVIVSS
>1ins:3C-19R|q839
YYREFGMDLWDQGTTVTVSS
>q840
YYAMGWLDPWGQGTLVTVSS
>1ins:3C-16P|q841
--YYWGLDYWGQGTLVTVSS
>q842
IYHYYGMDVWGQGTTVTVSS
>1ins:4G-6G|q843
YQYRYGLDNWGQGSLVTVSS
>1ins:5C-18N|q844
AVYYDAFDIWGQGTMVTVSS
>q845
TRYYGAMDVWGQGTTVTVSS
>q846
DYYYYGLDVWGQGTTVTVSS
>1ins:3C-12N|q847
YYWPDAFDIWGQGTMVTVSS
>1ins:5C-19D|q848
AVYYDAFDIWGQGTTVTLSS
>1ins:7R-18N|q849
AVYYCVFDYWGQGTLVTVSS
>q850
CYYYYGMDVWGQGTTVTVSS
>q851
DVVGGPFDYWGQGTLVAVSS
>1ins:3C-15N|q852
YYYLDAFDIWGQGTMVTVSS
>1ins:3C-12G|q853
YYWYAGPIFWGQGTLVTVSS
>q854
HQLVYWLIYWGQGTLVTVSS
>1ins:3C-12G|q855
YYWYAGPILWGQGTLVTVSS
>1ins:3C-11S|q856
YYGWSLFDLWGQGTLVTVSS
>1ins:3C-14L|q857
--YYYGMDVWGPGTTVSVSS
>1ins:3C-11S|q858
YYGWYVFEYWGQGTVVTVSS
>1ins:3C-12G|q859
YYRTSHFDYWGQGTLVTVSS
>q860
TYYQYYFDHWGQGALVTVSS
>q861
YSRGYEADPWGQGTLVTVSS
>1ins:3C-10P|q862
YYYRFLPDYWGQGTLVTVSS
>1ins:5C-14D|q863
AVYYGWFDPWGQGTLVTVPS
>1ins:3C-10S|q864
YYAGNWFDPWGQGTLVTVSS
>1ins:3C-10S|q865
YYSYRYFDLWGRGTLVTVSS
>1ins:3C-10G|q866
YYTVNWFDPWGQGTLVTVSS
>1ins:3C-10T|q867
YYMGTYFDYWGQGTLVTVSS
>1ins:8G-17D|q868
AVYYCAKDYWGQGTLVTVSS
>1ins:3G-5G|q869
YYNYYNIDPWGQGTLVTVSS
>q870
GYCFNGVCFWGQGTLVTVSS
>1ins:3C-10S|q871
FYSAYYLDYWGQGSLVTVSS
>1ins:7R-16P|q872
AVYYCAIDYWGQGTLVTVSS
>1ins:3C-9V|q873
YYVARGLEYWGQGTLVTVSS
>q874
QWSRDFFDYWGQGTLVTVSS
>2ins:1A-2K,etc|q875
YFATSYFHYWGQGTLVTVSS
>1ins:3C-9G|q876
YYGHDFFDFWGQGTLVTVSS
>1ins:5C-14D|q877
AVYYYGFDFWGQGALVTVSS
>1ins:3C-9G|q878
YYNVFTLWNWGQGTLVTVSS
>q879
NYAWGTYDSWGLGTLVTVSS
>1ins:3C-12G|q880
YYWYAGPVLWGQGTLVTVSS
>1ins:3C-8T|q881
YFFTYAMDFWGQGTLVTVSS
>1ins:7R-14D|q882
AVYYCALDYWGRGTLVTVSS
>q883
QWSSGWNDYWGQGTLVSVSS
>q884
NAWYFPLDYWGQGTLVTVSS
>1ins:3C-11N|q885
--YYDDVDYWGRGTLVTVSS
>1ins:3C-10R|q886
--YYPAFDYWGQGALVTVSS
>1ins:3C-8G|q887
YYFTYGVDYWGQGTLVTVSS
>q888
THYYYGADVWGQGTTVTVSS
>1ins:5C-12P|q889
AVYYKSIGYWGQGTLVTVSS
>1ins:3C-7N|q890
YYSPDVFDLWGQGTMVTVSS
>1ins:3C-7F|q891
YYGAHWFDPWGQGTLVTVSS
>1ins:8E-14P|q892
AVYYCTRDYWGQGTLVTVSS
>1ins:3C-7Q|q893
YYSASTVWDWGQGTLVTVSS
>1ins:8G-13P|q894
AVYYCARDFWGQGTLVTVSS
>1ins:3C-6S|q895
YYGLNYLDSWGQGTLVIVSS
>1ins:3C-6S|q896
YYGLNYLDSWGQGTLVIVSS
>1ins:3C-6G|q897
YYGQFYFDYWGQGTLVTVSS
>1ins:3C-6A|q898
YYARGAFEIWGQGTKVTVSS
>1ins:3C-5R|q899
YYNHYGMDVWGQGTTVTVSS
>q900
YYYYYGMDVWGKGTTVTVSS
>q901
SYYHYGMDVWGKGTTVTVSS
>1ins:3C-21N|q902
YYYYYGMDVWGKGTTVTVSS
>1ins:3C-21T|q903
YYKPLGFDYWGQGTLVTVSS
>q904
NYYYYGMDVWGKGTTVTVSS
>1ins:3C-20L|q905
YYRYYGMDVWGKGTTVTVSS
>q906
NYYYYGMDVWGKGTTVTVSS
>q907
YLAANWFDFWGQGTLVTVSS
>q908
VYYYYGMDVWGKGTTVTVSS
>q909
YYNHDAFDIWGQGTMVTVSS
>q910
YRALNAFDIWGQGTMVTVSS
>q911
YYYYYGMDVWGKGTTVTVSS
>1ins:3C-19T|q912
YYTNDAFDIWGQGTMVTVSS
>1ins:3C-19V|q913
YYKAYWFDPWGQGTLVTVSS
>1ins:3C-26N|q914
YYYYYGMDVWGKGTTVTVSS
>1ins:3C-19T|q915
YYRYYGMDVWGKGTTVTVSS
>1ins:3C-19E|q916
YYWGDAFDIWGQGTMVTVSS
>q917
DYYYYGMDVWGKGTTVTVSS
>1ins:3C-22N|q918
YYYYYGMDVWGKGTTVTVSS
>1ins:3C-22G|q919
YYFSDAFDVWGQGTMVTVSS
>q920
YYYYYGMDVWGKGTTVTVSS
>q921
YSYYYGLDVWGKGTTVTVSS
>1ins:3C-19R|q922
YYKDNGMDVWGKGTTVTVSS
>1ins:3D-10D|q923
YYYYYGMDVWGKGTTVTVSS
>q924
YYYYYGMDVWGKGTTVTVSS
>q925
YYYYYGMDVWGKGTTVTVSS
>1ins:3C-23D|q926
YYRTPHFDYWGQGTLVTVSS
>q927
DYYYYGMDVWGKGTTVTVSS
>q928
FDYYCAMDVWGKGTTVTVSS
>q929
WYNYHYIDYWGQGTLVTVSS
>1ins:3C-18P|q930
YYFLYGMDVWGKGTTVTVSS
>1ins:3C-20D|q931
--YYDAFDIWGQGTMVTVSS
>q932
YSNTAAFDYWGQGTLVTVSS
>q933
SYYYYGMDVWGKGTTVTVSS
>1ins:3C-18N|q934
YYYYYGMDVWGKGTTVTVSS
>1ins:3C-19G|q935
YYYYYGMDVWGKGTTVTVSS
>1ins:3D-12K|q936
YYPTNWFDPWGQGTLVTVSS
>1ins:3C-18I|q937
YYYYYGMDVWGKGTTVTVSS
>q938
YYYYYGMDVWGKGTTVTVSS
>1ins:3C-18N|q939
YYFYYGMDVWGKGTTVTVSS
>q940
YYFFHGMDVWGKGTTVTVSS
>q941
DYYYYGMDVWGKGTTVTVSS
>q942
YYYYYGMDVWGKGTTVTVSS
>q943
SYYYYGMDVWGKGTTVTVSS
>1ins:3C-17S|q944
YYYYYGMDVWGKGTTVTVSS
>1ins:3C-18D|q945
YYSSITPNYWGQGTLVTVSS
>1ins:5G-13G|q946
QYYYPLNDYWGQGTLVTVSS
>1ins:3C-18V|q947
YYRNEWFDPWGQGTLVTVSS
>q948
YYRGYYFDFWGQGTLVTVSS
>q949
SYYYYGMDVWGKGTTVTVSS
>q950
MYYYYGMDVWGKGTTVTVSS
>1ins:3C-17G|q951
YYGAEYFRDWGQGTLVTVSS
>q952
YYYYYGMDVWGKGTTVTVSS
>q953
NFWGPALDYWGQGTLVTVSS
>1ins:3C-20L|q954
YYGNYGMDVWGKGTTVTVSS
>q955
AYYYYGMDVWGKGTTVTVSS
>1ins:4S-6T|q956
SYYYWYFGLWGRGTLVTVSS
>1ins:5C-21P|q957
AVYYLGVDVWGKGTTVTVSS
>1ins:5D-10S|q958
HYYYDEFDPWGQGTLVTVSS
>1ins:3C-17R|q959
YYYYYGMDVWGKGTTVTVSS
>q960
IYAYYGMDVWGKGTTVTVSS
>q961
YFSYHGMDVWGKGTTVTVSS
>1ins:3C-16G|q962
YYYWGWIDNWGQGTLVTVSS
>q963
YYYYYGMDVWGKGTTVTVSS
>q964
GYSHDAFDIWGQGTMVTVSS
>q965
NYYYYGMDVWGKGTTVTVSS
>q966
DFWNGYLDLWGQGTLVTVSS
>1ins:3C-17D|q967
YYYYYGMDVWGKGTTVTVSS
>q968
YLGYNWFDPWGQGTLVTVSS
>q969
AYYYYGMDVWGKGTTVTVSS
>1ins:3C-18C|q970
YYYFDAFDIWGQGTMVTVSS
>1ins:3C-17R|q971
YYPYWYFDLWGRGTLVTVSS
>q972
DYYYYGMDVWGKGTTVTVSS
>q973
SYYNYGMDVWGKGTTVTVSS
>q974
CHLYYGMDVWGKGTTVTVSS
>q975
YQDYYGMDVWGKGTTVTVSS
>1ins:3C-16D|q976
YYSYYGMDVWGKGTTVTVSS
>1ins:3C-17R|q977
YYAAYGMDVWGKGTTVTVSS
>q978
HYYYYGMDVWGKGTTVTVSS
>1ins:3C-16R|q979
YYAGYYFDSWGQGTLVTVSS
>q980
DYYKYGLDVWGKGTTVTVSS
>q981
EHYYYGMDVWGKGTTVTVSS
>q982
HNYYYGMDVWGKGTTVTVSS
>q983
YYYYYGMDVWGKGTTVTVSS
>1ins:3C-16G|q984
YYSLRYFDYWGQGTLVTVSS
>1ins:3C-17S|q985
YYKVTWGDYWGQGTLVTVSS
>1ins:3C-16P|q986
YYPTYYFDYWGQGTLVTVSS
>1ins:9P-24S|q987
AVYYCVMDYWGQGTLVTVSS
>1ins:3C-16D|q988
YYTPDAFDIWGQGTMVTVSS
>q989
YYYYYGMDVWGKGTTVTVSS
>q990
YYYYYGMDVWGKGTTVTVSS
>q991
HYYLYGLDVWGKGTTVTVSS
>1ins:3C-16D|q992
YYYYYGMDVWGKGTTVTVSS
>q993
PYYYYGMDVWGKGTTVTVSS
>1ins:3C-16T|q994
YYYYYGMDVWGKGTTVTVSS
>1ins:3C-18I|q995
--YYNAFDIWGQGTMVTVSS
>q996
NYYYYGMDVWGKGTTVTVSS
>1ins:3C-16I|q997
YYTSEYFNYWGQGTLVTVSS
>q998
YYYYYGMDVWGKGTTVTVSS
>q999
IFAMYGMDVWGKGTTVTVSS
>q1000
NYYHYGVDVWGKGTTVTVSS
>1ins:3C-18N|q1001
YYYYFGMGVWGKGTTVTVSS
>1ins:3C-17E|q1002
YYDYYGMDVWGKGTTVTVSS
>1ins:3C-16S|q1003
YYYRPTFDYWGQGTLVTVSS
>q1004
HYYYYGMDVWGKGTTVTVSS
>q1005
YYYPYYFDYWGQGTLVTVSS
>1ins:5C-20N|q1006
AVYYYGLDVWGKGTTVTVSS
>q1007
PYYYDALDVWGQGTMVTVSS
>1ins:3C-16I|q1008
YYSVNYFDYWGQGTLVTVSS
>1ins:3C-16C|q1009
YYYFYYFDSWGQGTLVTVSS
>1ins:3C-16N|q1010
YYYYYGMDVWGKGTTVTVSS
>1ins:3D-7G|q1011
YYTDGTFDIWGQGTMVTVSS
>1ins:3C-16D|q1012
YYYYYGMDVWGKGTTVTVSS
>q1013
AYYYYGMDVWGKGTTVTVSS
>q1014
PYYYYGMDVWGKGTTVTVSS
>1ins:5C-19D|q1015
AVYYVAFDIWGQGTMVTVSS
>q1016
FFGRHWFDPWGQGTLVTVSS
>1ins:3C-16G|q1017
YYYVGWFDYWGQGTLVTVSS
>1ins:3C-16P|q1018
YYSPRWFDPWGQGTLVTVSS
>1ins:3E-6L|q1019
YYYYDALDIWGQGTMVTVSS
>q1020
CFYFYGLDVWGKGTTVTVSS
>q1021
TYWNYGVDVWGKGTTVTVSS
>1ins:3C-16D|q1022
YYYYYGMDVWGKGTTVTVSS
>1ins:3C-16N|q1023
YYYYYGMDVWGKGTTVTVSS
>q1024
NFYHYGVDVWGKGTTVTVSS
>1ins:3C-18G|q1025
--YYGAFDCWGQGTLVTVSS
>1ins:3C-8D|q1026
HYVPYYFDYWGQGTLVTVSS
>1ins:3C-16S|q1027
YYYYYGMDVWGKGTTVTVSS
>1ins:3C-16A|q1028
YYAFYGMDVWGKGTTVTVSS
>q1029
IYYYYALDVWGKGTTVTVSS
>q1030
HYYYYGMDVWGKGTTVTVSS
>1ins:3C-16L|q1031
YYVRGVLDNWGQGTLVTVSS
>1ins:3C-19G|q1032
YYRNNGMDVWGKGTTVTVSS
>q1033
HRIHYGMDVWGKGTTVTVSS
>1ins:3C-16C|q1034
YYYSNWIDPWGQGTLVTVSS
>1ins:3C-16C|q1035
YYYFYYFENWGQGTLVTVSS
>q1036
SYPTNYFDYWGQGTLVTVSS
>1ins:3C-16R|q1037
YYYYGAMDVWGQGTMVTVSS
>1ins:5D-7S|q1038
WYYYGYYEDWGQGTLVTVSS
>1ins:3C-15L|q1039
YYSHWYFDLWGRGTLVTVSS
>1ins:5D-12G|q1040
PYYYWFFDLWGRGTLVTVSS
>q1041
YYNYYGMDVWGKGTTVTVSS
>1ins:3C-15G|q1042
YYEYYGMDVWGKGTTVTVSS
>q1043
CYSGNWFDPWGQGTLVTVSS
>1ins:3C-15V|q1044
YYVQYYFDYWGQGTLVTVSS
>q1045
PYYYYGMDVWGKGTTVTVSS
>1ins:3C-15K|q1046
YYSLLGVDYWGQGTLVTVSS
>1ins:3C-15P|q1047
YYGAGEFDYWGQGTLVTVSS
>q1048
AYYYYGMDVWGKGTTVTVSS
>1ins:3C-15L|q1049
YYRHYGMDVWGKGTTVTVSS
>q1050
TYYYYGMDVWGKGTTVTVSS
>q1051
LYYYYGMDVWGKGTTVTVSS
>1ins:3C-15H|q1052
YYPYNWFDPWGQGTLVTVSS
>1ins:3C-15A|q1053
YYNYDGMDVWGKGTTVTVSS
>1ins:3C-15C|q1054
YYYYNWFDPWGQGTLVTVSS
>q1055
SYFPNWFDPWGQGTLVTVSS
>q1056
YADGYGMDVWGKGTTVTVSS
>1ins:3C-15S|q1057
YYDYYGMDVWGKGTTVTVSS
>1ins:5C-19D|q1058
AVYYDAFDIWGQGTMVTVSS
>1ins:3C-15G|q1059
YYYFYGLDYWGQGTLVTVSS
>q1060
YYYYYGMDVWGKGTTVTVSS
>1ins:3C-15G|q1061
YYYPVYFDYWGQGTLVTVSS
>q1062
YFNPPYFDYWGQGTLVTVSS
>1ins:3D-7G|q1063
YYDSWYFDYWGQGTLVTVSS
>q1064
HYHYKALQVWGQGTMVTVSS
>q1065
KYYYYGMDVWGKGTTVTVSS
>q1066
SYSHGLLDGWGQGTLVTVSS
>q1067
LYKERPFDYWGQGTLVTVSS
>1ins:1Q-1Q|q1068
SYSHGLLDGWGQGTLVTVSS
>1ins:3D-6D|q1069
YYYYYGMDVWGKGTTVTVSS
>q1070
YRSSYYFDYWGQGTLVTVSS
>1ins:3C-15G|q1071
YYYYYGMDVWGKGTTVTVSS
>1ins:3C-15S|q1072
YYRGYYFDYWGQGTLVTVSS
>1ins:3C-15A|q1073
YYATGWFDPWGQGTLVTVSS
>q1074
GYYADWFDPWGQGTLVTVSS
>q1075
SYYHRYFDLWGRGTLVTVSS
>1ins:3C-15L|q1076
YYQGYYFDYWGQGTLVTVSS
>q1077
SYSHGLHDGWGQGTLVTVSS
>q1078
SYYYYGMDVWGKGTTVTVSS
>1ins:3C-15G|q1079
YYYYYGMDVWGKGTTVTVSS
>1ins:3C-15C|q1080
YYYPKGGDYWGQGTLVTVSS
>1ins:3C-15G|q1081
YYVMKGMDVWGKGTTVTVSS
>1ins:3C-15T|q1082
YYHCSDFDHWGQGTLVTVSS
>q1083
SYSHGLLDGWGQGTLVTVSS
>q1084
SYSHGLLDGWGQGTLVTVSS
>1ins:3C-14S|q1085
YYYFFRFDPWGQGTLVTVSS
>q1086
NRYYYGMDVWGKGTTVTVSS
>q1087
IFTLKTIDYWGQGTLVTVSS
>1ins:3C-15D|q1088
YYYYYGMDVWGKGTTVTVSS
>q1089
RYYYYGMDVWGKGTTVTVSS
>q1090
TWCYYGLDVWGKGTTVTVSS
>1ins:3C-14P|q1091
YYNGNWFDPWGQGTLVTVSS
>1ins:3C-16R|q1092
--YYYGMDVWGKGTTVTVSS
>q1093
NYYYYGMDVWGKGTTVTVSS
>q1094
CYNNYGMDVWGKGTTVTVSS
>1ins:4G-7S|q1095
-YYYSFVDYWGQGTLVTVSS
>1ins:3C-16D|q1096
--YYYYFDYWGQGTLVTVSS
>1ins:5C-18D|q1097
AMYYNWFDPWGQGTLVTVSS
>1ins:3C-16K|q1098
--YYYGMDVWGKGTTVTVSS
>1ins:3C-14P|q1099
YYHHYYFDYWGQGTLVTVSS
>q1100
GHYYNYFDYWGQGTLVTVSS
>1ins:8G-21N|q1101
AVYYCARDYWGQGTLVTVSS
>1ins:3C-14I|q1102
YYSCYLVDYWGQGTLVTVSS
>1ins:5D-8P|q1103
IYYYYGMDVWGKGTTVTVSS
>1ins:3C-14D|q1104
YYEASLVDHWGQGTLVTVSS
>q1105
YYYYYGMDVWGKGTTVTVSS
>1ins:3C-16P|q1106
--YYGFFEFWGQGTLVTVSS
>q1107
YYDSSAFDYWGQGTLVTVSS
>1ins:5E-8D|q1108
VYYYYFGDYWGQGTLVTVSS
>1ins:3C-16G|q1109
--YYYYFDYWGQGTLVTVSS
>1ins:8S-21P|q1110
AVYYCARDYWGQGTLVTVSS
>1ins:3C-14S|q1111
YYKTYYFDYWGQGTLVTVSS
>1ins:5C-18G|q1112
AVYYWSMDVWGKGTTVTVSS
>q1113
THGVWYFDLWGRGTLVTVSS
>q1114
PYYYYGMDVWGKGTTVTVSS
>q1115
YSLPHYFDYWGQGTLVTVSS
>1ins:3C-14C|q1116
YYQTDAFDIWGQGTMVTVSS
>1ins:5C-18G|q1117
AVYYVWFDPWGQGTLVTVSS
>1ins:3C-14S|q1118
YYRYYGMDVWGKGTTVTVSS
>1ins:3C-14Q|q1119
YYKKYYFDYWGQGTLVTVSS
>1ins:3C-14S|q1120
YYPLGWFDPWGQGTLVTVSS
>1ins:3C-14V|q1121
YYPAAHFDYWGQGTLVTVSS
>q1122
CYEVVWFDPWGQGTLVTVSS
>1ins:3C-14E|q1123
YYWLSDFDYWGQGTLVTVSS
>1ins:3C-14P|q1124
YYPAEYFQHWGQGTLVTVSS
>1ins:3C-14L|q1125
YYGKYYFDYWGQGTLVTVSS
>1ins:3C-14H|q1126
YYLRGGFDPWGQGTLVTVSS
>q1127
NYYNRCLDPWGQGTLVTVSS
>q1128
WYLIWYFDLWGRGTLVTVSS
>1ins:5C-18C|q1129
AVYYYGMDVWGKGTTVTVSS
>1ins:3C-16P|q1130
--YYGFFEYWGQGTMVTVSS
>1ins:5C-18G|q1131
AVYYDGMDVWGKGTTVTVSS
>q1132
YPGYDAFEIWGQGTMVTVSS
>1ins:3C-14G|q1133
YYYPTYFDYWGQGTLVTVSS
>1ins:4G-7S|q1134
YYYYTPFDYWGQGTLVTVSS
>1ins:3C-14G|q1135
YYSCFKFDYWGQGTLVTVSS
>1ins:3C-14D|q1136
YYMWGLVDWWGQGTLVTVSS
>1ins:3C-14V|q1137
YYISYYFDYWGQGTLVTVSS
>1ins:5C-18G|q1138
AVYYDGMDVWGKGTTVTVSS
>1ins:3C-16G|q1139
--YYYWADYWGQGTLVTVSS
>1ins:3C-14C|q1140
YYRHKWLDPWGQGTLVTVSS
>q1141
LYYDYGMDVWGKGTTVTVSS
>1ins:3C-14W|q1142
YYGENWFDPWGQGTLVTVSS
>q1143
HSDETGLDLWGRGTLVTVSS
>1ins:3C-13C|q1144
YYYYGIFDSWGQGTLVTVSS
>1ins:3Y-7S|q1145
HYFYRHFDLWGQGTLVTVSS
>1ins:3C-14G|q1146
YYVRDVFDIWGQGTMVTVSS
>1ins:3C-13N|q1147
YYSGDPLDYWGQGTLVTVSS
>1ins:3C-15P|q1148
--YYIGFDPWGQGTLVTVSS
>1ins:5C-17P|q1149
AVYYNNFDRWGQGTLVTVSS
>1ins:3C-13A|q1150
YYSPDAFDVWGQGTMVTVSS
>1ins:3C-13V|q1151
YYDLGYFDLWGRGTLVTVSS
>1ins:3C-13A|q1152
YYQESIFDYWGQGTLVTVSS
>1ins:5C-17P|q1153
AVYYHGMDVWGKGTTVTVSS
>1ins:3C-13G|q1154
YYSYSPFDYWGQGTLVTVSS
>1ins:3C-13T|q1155
YYIRAYFDYWGQGTLVTVSS
>1ins:3C-13S|q1156
YYVNWYFDLWGRGTLVTVSS
>1ins:3C-13G|q1157
YYRRDAFDIWGQGTMVTVSS
>q1158
YYYYYGMDVWGKGTTVTVSS
>1ins:5D-9D|q1159
PYYYYRFDYWGQGTLVTVSS
>1ins:3C-13G|q1160
YYYYEGFDYWGQGTLVTVSS
>1ins:3C-13S|q1161
YYSSAWFDPWGQGTLVTVSS
>q1162
YGGAKWFDPWGQGTLVTVSS
>1ins:3C-13L|q1163
YYRYNWFDPWGQGTLVTVSS
>1ins:3C-13I|q1164
YYKTVAFDIWGQGTMVTVSS
>1ins:3C-13S|q1165
YYGSYYFDYWGQGTLVTVSS
>2ins:3C-11V,etc|q1166
YYGGYYYDSWGQGTLVTVSS
>q1167
TYYIYYFDYWGQGTLVTVSS
>1ins:3C-13L|q1168
YYVPDAFDLWGQGTMVTVSS
>1ins:3C-13G|q1169
YYWYGGFDCWGQGTLVTVSS
>q1170
LYYSHSMDVWGKGTTVTVSS
>q1171
EYSSGWYDYWGQGTLVTVSS
>1ins:3C-13A|q1172
YYMVTSLGYWGQGTLVTVSS
>1ins:3C-13D|q1173
YYRGDWFDPWGQGTLVTVSS
>1ins:3C-15K|q1174
--YYYYFDYWGQGTLVTVSS
>q1175
GYYLYYFDYWGQGTLVTVSS
>2ins:3C-9R,etc|q1176
YYHYNWYDYWGQGTLVTVSS
>1ins:3C-13N|q1177
YYYYYGMDVWGKGTTVTVSS
>1ins:3C-13S|q1178
YYYWGDFDYWGQGTLVTVSS
>1ins:3D-5S|q1179
YYGYYGMDVWGKGTTVTVSS
>1ins:3D-5S|q1180
YYGYYPFDYWGQGTLVTVSS
>1ins:3C-13G|q1181
YYLNNWFDPWGQGTLVTVSS
>q1182
GYYYYAMDVWGKGTTVTVSS
>1ins:5C-17G|q1183
AVYYASMDVWGKGTTVTVSS
>1ins:10D-22D|q1184
AVYYCAKDPWGQGTLVTVSS
>1ins:3C-13N|q1185
YYSHWYFALWGRGTLVTVSS
>1ins:3C-13S|q1186
YYLRNGMDVWGKGTTVTVSS
>1ins:3D-6G|q1187
YYYYSTFDYWGQGTLVTVSS
>q1188
GHYYNWFDPWGQGTLVTVSS
>q1189
YSYAYYFDYWGQGTLVTVSS
>1ins:3C-13L|q1190
YYHYYGLDVWGKGTTVTVSS
>1ins:3C-13G|q1191
YYNYYAEDYWGQGTLVTVSS
>1ins:3C-13V|q1192
YYVTAILDYWGQGTLVTVSS
>1ins:5C-17D|q1193
AVYYDAFDIWGQGTMVTVSS
>1ins:3C-13R|q1194
YYSRDGFDVWGQGTMVTVSS
>1ins:3C-13S|q1195
YYHNYWFDPWGQGTLVTVSS
>q1196
GYYYYGMDVWGKGTTVTVSS
>1ins:3C-13L|q1197
YYWSSWFDPWGQGTLVTVSS
>1ins:3C-13G|q1198
YYYYYGVDVWGKGTTVTVSS
>1ins:3C-15G|q1199
--YYYYFDYWGQGTLVTVSS
>q1200
WFGELWPDYWGQGTLVTVSS
>1ins:3C-13A|q1201
YYVHYDLDVWGKGTTVTVSS
>1ins:3C-13V|q1202
YYVSDAFDIWGQGTMVTVSS
>1ins:3C-13V|q1203
YYQRNWFDPWGQGTLVTVSS
>q1204
NYYYYGMDVWGKGTTVTVSS
>q1205
DYNLKGLEYWGQGTLVTVSS
>q1206
YGYYYWVDHWGQGTLVTVSS
>1ins:5C-17G|q1207
ATYYGVFDYWGQGTMVTVSS
>1ins:3C-15D|q1208
--YYYYFDYWGQGTLVTVSS
>1ins:3C-13K|q1209
YYRVWYLDLWGRGTLVTVSS
>1ins:3C-13G|q1210
YYELSYFDYWGQGTLVTVSS
>1ins:3C-13T|q1211
YYHTYYFDYWGQGTLVTVSS
>1ins:4D-5R|q1212
YFYSDYLNYWGQGTLVTVSS
>1ins:3D-7G|q1213
YYYYAAMDVWGKGTTVTVSS
>1ins:5C-17G|q1214
AVYYYYFDYWGQGTLVTVSS
>1ins:3C-12T|q1215
YYYYGRFDYWGQGTLVTVSS
>1ins:3C-12P|q1216
YYRRNWFAPWGQGTLVTVSS
>1ins:3C-12G|q1217
YYYQGAFDIWGQGTMVTVSS
>1ins:3C-12G|q1218
YYATGYFDYWGQGTLVTVSS
>1ins:3C-12S|q1219
YYFYGEFQYWGQGTLVTVSS
>1ins:3C-13S|q1220
YYGYYYFDYWGQGTLVTVSS
>1ins:3C-12L|q1221
YYLGLFDDYWGQGTLVTVSS
>q1222
QRYYYTIDSWGQGTLVTVSS
>q1223
YSSGWTVDYWGQGTLVTVSS
>1ins:3C-12R|q1224
YYGVIGFDYWGQGTLVTVSS
>q1225
WDYYYEMDVWGKGTTVTVSS
>1ins:3C-12I|q1226
YYWDYGMDVWGKGTTVTVSS
>q1227
GWYYAGMDVWGKGTTVTVSS
>1ins:4D-7G|q1228
-YYYDAFDIWGQGTMVTVSS
>1ins:3C-12L|q1229
YYVRGALDLWGRGTLVTVSS
>1ins:3C-12R|q1230
YYGVIGYDYWGQGTLVTVSS
>1ins:5C-16P|q1231
AMYYNTFDFWGQGTMVTVSS
>1ins:3C-12L|q1232
YYRVDAFDIWGQGTMVTVSS
>q1233
PYYYYGMDVWGKGTTVTVSS
>1ins:3C-12S|q1234
YYYTRQLDYWGQGTLVTVSS
>1ins:3C-12T|q1235
YYHYYGMDVWGKGTTVTVSS
>1ins:3C-14L|q1236
--YYYGMDVWGKGTTVTVSS
>1ins:3C-12S|q1237
YYGSPTFDYWGQGTLVTVSS
>1ins:3C-12G|q1238
YYSYGWFDPWGQGTLVTVSS
>q1239
RYYYYGMDVWGKGTTVTVSS
>1ins:3C-14L|q1240
--YYYGMDVWGKGTTVTVSS
>1ins:3C-12S|q1241
YYYLNYFDYWGQGTLVTVSS
>q1242
YYPTYGMDVWGKGTTVTVSS
>1ins:3C-12L|q1243
YYVLSYFDYWGQGTLVTVSS
>1ins:3C-12T|q1244
YYWPFYLDSWGQGTLVTVSS
>1ins:3C-12S|q1245
YYSRYYFDYWGQGTLVTVSS
>1ins:3C-12P|q1246
YYSVNWFDPWGQGTLVTVSS
>1ins:7R-18R|q1247
AVYYCAFDYWGQGTLVTVSS
>1ins:9S-57Y|q1248
SSYIYYADPWGQGTLVTVSS
>q1249
YYYYYALDVWGKGTTVTVSS
>q1250
GYKWGASYYWGQGTLVTVSS
>1ins:3C-12I|q1251
YYLENWFDPWGQGTLVTVSS
>q1252
SYYPTDFDYWGQGTLVTVSS
>q1253
WSLHNWFDPWGQGTLVTVSS
>1ins:7R-18P|q1254
AVYYCAFDYWGQGTLVTVSS
>1ins:5C-16R|q1255
AVYYYHMDVWGKGTTVTVSS
>q1256
YYYYYTMDVWGKGTTVTVSS
>q1257
DYYYYGMDVWGKGTTVTVSS
>1ins:3C-12G|q1258
YYTYTGFDPWGQGTLVTVSS
>1ins:3C-12I|q1259
YYLTGSMHHWGQGTLVTVSS
>q1260
GYDYGWFDHWGQGTLVTVSS
>1ins:5C-16D|q1261
AVYYNWFDPWGQGTLVTVSS
>1ins:3G-5G|q1262
-YYYEALDIWGQGTMVTVSS
>q1263
SYYHGGVDYWGQGTLVTVSS
>1ins:3C-12V|q1264
YYTIDAFDIWGQGTMVTVSS
>1ins:3D-5S|q1265
YYGHGAFDIWGQGTMVTVSS
>1ins:3C-12A|q1266
YYGVRYFQHWGQGTLVTVSS
>1ins:3C-12P|q1267
YYTQYYFDYWGQGTLVTVSS
>1ins:3C-12R|q1268
YYYFFFFDYWGQGTLVTVSS
>1ins:5C-16G|q1269
AVYYVGMDVWGKGTTVTVSS
>1ins:3C-12D|q1270
YYVYDGMDVWGKGTTVTVSS
>q1271
TYYYYGMDVWGKGTTVTVSS
>q1272
GYDEQTFDYWGQGTLVTVSS
>1ins:3C-12L|q1273
YYCYGYFDYWGQGTLVTVSS
>1ins:4G-6G|q1274
-YYYSYYRYWGQGTLVTVSS
>q1275
IWFAHGLDYWGQGTLVTVSS
>1ins:3C-12G|q1276
YYNLNDFDYWGQGTLVTVSS
>q1277
YYYYYGMDVWGKGTTVTVSS
>1ins:3C-12T|q1278
YYGYGWFDPWGQGTLVTVSS
>1ins:3C-12S|q1279
YYGWSGFDYWGQGTLVTVSS
>1ins:3C-12S|q1280
YYSSYWFDPWGQGTLVTVSS
>q1281
YYYYYGMDVWGKGTTVTVSS
>1ins:7K-18P|q1282
AVYYCAIDYWGQGTLVTVSS
>1ins:5C-16D|q1283
AVYYWYFDLWGRGTLVTVSS
>1ins:3C-12D|q1284
YYYGSHFDYWGQGTLVTVSS
>1ins:5D-8G|q1285
AYYYGAFDIWGQGTMVTVSS
>1ins:3S-6W|q1286
YYQNNYFDFWGQGTLVTVSS
>1ins:7N-18D|q1287
AVYYCAIDYWGQGTLVTVSS
>1ins:3C-12G|q1288
YYVIGAFDIWGQGTMVTVSS
>1ins:3C-12S|q1289
YYYDPFFDYWGQGTLVTVSS
>q1290
FWSLKGMDVWGKGTTVTVSS
>1ins:3C-12R|q1291
YYGVIYFDYWGQGTLVTVSS
>q1292
SYDARHFDYWGQGTLVTVSS
>1ins:3C-12G|q1293
YYRTSHFDYWGQGTLVTVSS
>1ins:3C-12R|q1294
YYVYDAFDIWGQGTMVTVSS
>1ins:3C-12G|q1295
YYYLEGFDSWGQGTLVTVSS
>q1296
HSYWYGLDVWGKGTTVTVSS
>q1297
GYDYSYFDHWGQGTLVTVSS
>1ins:3C-14N|q1298
--YYRGHDYWGQGTLVTVSS
>q1299
YSRYYGMDVWGKGTTVTVSS
>q1300
LYSGYPFDYWGQGTLVTVSS
>q1301
YYYYYAMDVWGKGTTVTVSS
>1ins:3C-12S|q1302
YYWYYGMDVWGKGTTVTVSS
>1ins:3C-12I|q1303
YYLYDAFDIWGQGTMVTVSS
>1ins:3C-12G|q1304
YYWYAGPPLWGQGTLVTVSS
>1ins:3C-14T|q1305
--YYYGMDVWGKGTTVTVSS
>q1306
SWFENWFDPWGQGTLVTVSS
>1ins:9K-20Y|q1307
AVYYCTTDYWGQGTLVTVSS
>1ins:3C-12S|q1308
YYGWYELDCWGQGTLVTVSS
>1ins:8I-10G|q1309
HYRSDWFDSWGQGTLVTVSS
>1ins:3C-12G|q1310
YYSTYYFDYWGQGTLVTVSS
>1ins:3C-12N|q1311
YYCYDWFDPWGQGTLVTVSS
>1ins:3C-12G|q1312
YYYYFWFDPWGQGTLVTVSS
>1ins:8G-19P|q1313
AVYYCARDCWGQGTLVTVSS
>q1314
YYYYYGMDVWGKGTTVTVSS
>1ins:3C-12S|q1315
YYGYDFWVYWGQGTLVTVSS
>1ins:8G-19P|q1316
AVYYCARDLWGQGTLVTVSS
>1ins:7R-18P|q1317
AVYYCALDYWGQGTLVTVSS
>1ins:7R-18L|q1318
AVYYCAFDFWGQGTLVTVSS
>q1319
WHGSSGMDVWGKGTTVTVSS
>1ins:3C-12A|q1320
YYMVTRADYWGQGTLVTVSS
>q1321
DYHYYGMDVWGKGTTVTVSS
>1ins:3C-12S|q1322
YYGGKWFDPWGQGTLVTVSS
>1ins:4C-15C|q1323
-VYYLTSDYWGQGTLVTVSS
>1ins:3C-11S|q1324
YYWSYYFDYWGQGTLVTVSS
>q1325
SYRWVSFDYWGQGTLVTVSS
>1ins:3C-13G|q1326
--YYYFSDYWGQGTLVTVSS
>1ins:3C-11S|q1327
YYGWYYFDYWGQGTLVTVSS
>1ins:3C-11T|q1328
YYSFDYFDFWGQGTLVTVSS
>q1329
SHNTPRFDSWGQGTLVTVSS
>q1330
NAYYYGLDVWGKGTTVTVSS
>1ins:3C-11L|q1331
YYGANWFDPWGQGTLVTVSS
>q1332
TYYYYGMDVWGKGTTVTVSS
>1ins:3C-11G|q1333
YYDYYGMDVWGKGTTVTVSS
>1ins:7T-17P|q1334
AVYYCALDYWGQGTLVTVSS
>1ins:3C-13G|q1335
--YYGALDYWGQGTLVTVSS
>1ins:3C-11N|q1336
YYGYSASDFWGQGTLVTVSS
>1ins:3C-11T|q1337
YYGYDAFDIWGQGTMVTVSS
>1ins:3C-11T|q1338
YYNKYYFDYWGQGTLVTVSS
>1ins:3C-11D|q1339
YYWHRLFDYWGQGTLVTVSS
>q1340
NWADDAFDIWGQGTMVTVSS
>1ins:3C-11A|q1341
YYTIFGFDPWGQGTLVTVSS
>1ins:3C-13G|q1342
--YYGWFDPWGQGTLVTVSS
>1ins:3C-11S|q1343
YYRPDWFDPWGQGTLVTVSS
>1ins:3C-11V|q1344
YYWVYGMDVWGKGTTVTVSS
>1ins:3C-11G|q1345
YYSYYGVDYWGQGTLVTVSS
>1ins:3C-11G|q1346
YYTPNWFDPWGQGTLVTVSS
>1ins:3C-11S|q1347
YYGLYYFDYWGQGTLVTVSS
>1ins:3C-11S|q1348
YYHPYHINYWGQGTLVTVSS
>1ins:3C-11V|q1349
YYASRWFDPWGQGTLVTVSS
>1ins:7R-17P|q1350
AVYYCAFDLWGQGTMVTVSS
>1ins:3G-5G|q1351
YYSSNPFDYWGQGTLVTVSS
>1ins:3C-11T|q1352
YYGYLHFDYWGQGTLVTVSS
>1ins:7T-17P|q1353
AVYYCALDYWGQGTLVTVSS
>1ins:3C-11A|q1354
YYINDAFDIWGQGTMVTVSS
>1ins:3C-11A|q1355
YYTTSGFDYWGQGTLVTVSS
>1ins:7T-17P|q1356
AVYYCALDYWGQGTLVTVSS
>1ins:7P-10E|q1357
GYSYGYFDYWGQGTLVTVSS
>1ins:3C-11S|q1358
YYCYTLADYWGQGTLVTVSS
>1ins:3C-11L|q1359
YYTPQHFQKWGQGTLVTVSS
>q1360
YGSGSYFDYWGQGTLVTVSS
>q1361
AYKWELPDYWGQGTLVTVSS
>1ins:3C-11D|q1362
YYFMGAFDYWGQGTLVTVSS
>1ins:3C-11A|q1363
YYGYNWFDPWGQGTLVTVSS
>1ins:3C-11D|q1364
YYSWPNLDYWGQGTLVTVSS
>1ins:3C-13D|q1365
--YYDAFDIWGQGTMVTVSS
>1ins:3C-11T|q1366
YYGVYAFDIWGQGTMVTVSS
>q1367
NFWYWYFDLWGRGTLVTVSS
>1ins:3C-11T|q1368
YYPTGYFDYWGQGTLVTVSS
>1ins:3C-11G|q1369
YYAPAWFDPWGQGTLVTVSS
>q1370
YYGEYYFDYWGQGTLVTVSS
>1ins:3C-11N|q1371
YYIWYRGFAWGQGTLVTVSS
>1ins:3C-11S|q1372
YYSWGAFDIWGQGTMVTVSS
>1ins:3C-11V|q1373
YYTEHPLDYWGQGTLVTVSS
>1ins:3C-13G|q1374
--YYYWFDPWGQGTLVTVSS
>q1375
GWYLYYFDYWGQGTLVTVSS
>q1376
VYYYYGMDVWGKGTTVTVSS
>1ins:3G-5G|q1377
YYSYRYFDLWGQGTLVTVSS
>1ins:3C-13G|q1378
--YYYYFDYWGQGTLVTVSS
>1ins:3C-11G|q1379
YYGYWYFDFWGRGTLVTVSS
>1ins:3C-13G|q1380
--YYSGFDYWGQGTLVTVSS
>q1381
DFWTYWFDPWGQGTLVTVSS
>q1382
SYSSSWYYYWGQGTLVTVSS
>1ins:3C-11R|q1383
YYSSLHFDYWGQGTLVTVSS
>1ins:3C-11P|q1384
YYLAPRLDNWGQGTLVTVSS
>1ins:3C-11P|q1385
YYIAPRFDYWGQGTLVTVSS
>q1386
DYDLGAFDIWGQGTMVTVSS
>q1387
FWSGYFIDYWGQGTLVTVSS
>1ins:3C-11R|q1388
YYSSSPLDYWGQGTLVTVSS
>1ins:3C-13G|q1389
--YYYYVDYWGQGTLVTVSS
>q1390
FWSGYYFDYWGQGTLVTVSS
>1ins:3C-11A|q1391
YYGTSWFDPWGQGTLVTVSS
>1ins:3C-13G|q1392
--YYWYFDLWGRGTLVTVSS
>1ins:3C-11G|q1393
YYSCYGIDYWGQGTLVTVSS
>q1394
NYYYYGMDVWGKGTTVTVSS
>1ins:5C-15D|q1395
AVYYDAFDIWGQGTMVTVSS
>1ins:3C-11T|q1396
YYIKSAFDIWGQGTMVTVSS
>1ins:3C-11S|q1397
YYWPYYFDYWGQGTLVTVSS
>1ins:3C-11D|q1398
YYSYGPLDYWGQGTLVTVSS
>1ins:3C-11A|q1399
YYYLAQFDYWGQGTLVTVSS
>q1400
IFGAAPIDYWGQGTLVTVSS
>1ins:9P-19R|q1401
AVYYCAKDHWGQGTLVTVSS
>q1402
YDFRYGMDVWGKGTTVTVSS
>q1403
RFTDYYLDYWGQGTLVTVSS
>1ins:5R-15R|q1404
--YYCAFDFWGQGTLVTVSS
>1ins:3C-11S|q1405
YYTWAPFDYWGQGTLVTVSS
>1ins:3C-11D|q1406
YYFYWYFDLWGRGTLVTVSS
>1ins:3C-11V|q1407
YYRGPYFDYWGQGTLVTVSS
>1ins:3C-11G|q1408
YYVYNWFDPWGQGTLVTVSS
>1ins:3C-11T|q1409
YYGYHYLDYWGQGTLVTVSS
>1ins:3C-11S|q1410
YYWPNWFDPWGQGTLVTVSS
>1ins:3C-11I|q1411
YYQFDGMDVWGKGTTVTVSS
>1ins:3C-11G|q1412
YYGSCYHDYWGQGTLVTVSS
>1ins:3C-11S|q1413
YYGWYEVDYWGQGTLVTVSS
>1ins:3C-11T|q1414
YYYFRAYDVWGQGTMVTVSS
>1ins:3C-13P|q1415
--YYGTFDYWGQGTLVTVSS
>1ins:3C-11T|q1416
YYRYGGFDYWGQGTLVTVSS
>1ins:7R-17P|q1417
AVYYCALDYWGQGTLVTVSS
>1ins:3C-11S|q1418
YYGHYYVDYWGQGTLVTVSS
>1ins:3C-11S|q1419
YYRSGSLSYWGQGTLVTVSS
>1ins:8I-18P|q1420
ATYYCARDYWGQGTLVTVSS
>1ins:3C-13G|q1421
--YYSGIDYWGQGTLVTVSS
>1ins:3C-11G|q1422
YYVVMGVDYWGQGTLVTVSS
>1ins:3D-4S|q1423
YYSGVAVDYWGQGTLVTVSS
>1ins:4G-5S|q1424
HYYGGHFDYWGQGTLVTVSS
>1ins:3C-11G|q1425
YYGYYYFDYWGQGTLVTVSS
>1ins:3C-11S|q1426
YYGWYPVDYWGQGTLVTVSS
>1ins:3C-13R|q1427
--YYDHIDYWGQGTLVTVSS
>q1428
SYYQAPFAYWGQGTLVTVSS
>q1429
KFSSRWYDSWGQGTLVTVSS
>1ins:5C-15R|q1430
AVYYRSLDVWGKGTTVTVSS
>1ins:5C-15P|q1431
ALYYAYFQHWGQGTLVTVSS
>1ins:3C-11P|q1432
YYYSSSLDHWGQGTLVTVSS
>1ins:3C-11S|q1433
YYGWYYFDSWGQGTLVTVSS
>1ins:4S-6D|q1434
HWYYYAMDGWGKGTTVTVSS
>1ins:3C-11V|q1435
YYKHDAFDIWGQGTMVTVSS
>1ins:5C-15G|q1436
AVYYVYFDYWGQGTLVTVSS
>1ins:3C-13P|q1437
--YYDPFDIWGQGTMVTVSS
>1ins:6A-16S|q1438
--YYCARDYWGQGTLVTVSS
>1ins:7T-17D|q1439
AVYYCTFLHWGQGTLVTVSS
>q1440
GWTYYYLIYWGQGTLVTVSS
>1ins:3C-10T|q1441
YYNWSYFDYWGQGTLVTVSS
>q1442
TYYQYYFDHWGQGTLVTVSS
>q1443
EYSSPFFDYWGQGTLVTVSS
>1ins:3C-10S|q1444
YYRWYYFDYWGQGTLVTVSS
>q1445
IYYKYHFDQWGQGTLVTVSS
>1ins:3C-10A|q1446
YYARHYFDYWGQGTLVTVSS
>1ins:5C-14D|q1447
AVYYSHYEFWGQGTLVTVSS
>q1448
DWFPHSFDYWGQGTLVTVSS
>q1449
GFNSYYFDFWGQGTLVTVSS
>1ins:3C-10G|q1450
YYSTNWFDPWGQGTLVTVSS
>1ins:3R-5G|q1451
YYGLYFFDYWGQGTLVTVSS
>1ins:5C-14P|q1452
AVYYWYFDLWGRGTLVTVSS
>1ins:3C-10G|q1453
YYTSCPFDYWGQGTLVTVSS
>1ins:3C-10S|q1454
YYWWRGFDYWGQGTLVTVSS
>1ins:3C-10T|q1455
YYAYWYFDLWGRGTLVTVSS
>q1456
YNGRYYFDYWGQGTLVTVSS
>1ins:5C-14G|q1457
AVYYSCYDPWGQGTLVTVSS
>1ins:3C-10D|q1458
YYWSDAFDIWGQGTMVTVSS
>1ins:3C-12G|q1459
--YYWFFDYWGQGTLVTVSS
>1ins:8T-17G|q1460
AVYYCAVDYWGQGTLVTVSS
>1ins:3C-10G|q1461
YYKVDWFDPWGQGTLVTVSS
>1ins:3C-10D|q1462
YYYYDAFDIWGQGTMVTVSS
>1ins:3C-10G|q1463
YYYFGPIDYWGQGTLVTVSS
>1ins:3C-12G|q1464
--YYYPFDYWGQGTLVTVSS
>q1465
IYGGHEFDYWGQGTLVTVSS
>1ins:3C-10I|q1466
YYTARLFDCWGQGTLVTVSS
>q1467
RHELPTLDPWGQGTLVTVSS
>1ins:3C-10S|q1468
YYGQNWFDPWGQGTLVTVSS
>1ins:5C-14P|q1469
AVYYHAFDIWGQGTMVTVSS
>q1470
AYTNPHFDYWGQGTLVTVSS
>1ins:3C-10S|q1471
YYYLYLFDYWGQGTLVTVSS
>1ins:3G-5G|q1472
YYNYYKIDPWGQGTLVTVSS
>q1473
RYSSSWYNYWGQGTLVTVSS
>1ins:3C-10G|q1474
YYYVSGMDVWGKGTTVTVSS
>q1475
DYPEWYFDLWGRGTLVTVSS
>q1476
PYYYYGMDVWGKGTTVTVSS
>1ins:3C-10G|q1477
YYSYNWFDPWGQGTLVTVSS
>1ins:3C-10S|q1478
YYGWSVFDYWGQGTLVTVSS
>1ins:3C-10G|q1479
YYYDGEIDYWGQGTLVTVSS
>q1480
WFGESSFDYWGQGTLVTVSS
>1ins:3C-10S|q1481
YYHSYGLDVWGKGTTVTVSS
>1ins:7R-16E|q1482
AVYYCAVDPWGQGTLVTVSS
>1ins:7R-16D|q1483
AVYYCAFDYWGQGTLVTVSS
>q1484
YYGSGSFDYWGQGTLVTVSS
>1ins:3C-10I|q1485
YYLMTAFDIWGQGTMVTVSS
>1ins:3C-10V|q1486
YYIATTFDYWGQGTLVTVSS
>q1487
YGDYDWFDPWGQGTLVTVSS
>q1488
SYPKYYFDFWGQGTLVTVSS
>q1489
DYARGSFDIWGQGTMVTVSS
>q1490
YTNLFDFDYWGQGTLVTVSS
>1ins:3G-5G|q1491
HYSTRYFDYWGQGTLVTVSS
>1ins:3C-10V|q1492
YYTGDPFDYWGQGTLVTVSS
>1ins:5C-14D|q1493
AVYYYGFDFWGQGTLVTVSS
>1ins:3C-10I|q1494
YYPPRWFDPWGQGTLVTVSS
>1ins:5N-9R|q1495
AYYYYHCDYWGQGTLVTVSS
>q1496
SYDSSGYDYWGQGTLVTVSS
>1ins:3C-10S|q1497
YYSTSWLDYWGQGTLVTVSS
>1ins:7R-16I|q1498
AVYYCAFDYWGQGTLVTVSS
>1ins:3C-12G|q1499
--YYYYFDYWGQGTLVTVSS
>q1500
GYIYGAFDYWGQGTLVTVSS
>1ins:3C-10N|q1501
YYWGNWFDPWGQGTLVTVSS
>q1502
GYGDYAFDYWGQGTLVTVSS
>1ins:3C-10G|q1503
YYSNNWFDPWGQGTLVTVSS
>q1504
EFTEGAFDIWGQGTMVTVSS
>q1505
SYGWFDFDYWGQGTLVTVSS
>1ins:5C-14D|q1506
AVYYEYFDYWGQGTLVTVSS
>1ins:5C-14G|q1507
AVYYSCQDYWGQGTLVTVSS
>1ins:3C-10G|q1508
YYYDFYFDYWGQGTLVTVSS
>q1509
YSSSSSLSYWGQGTLVTVSS
>1ins:3C-10D|q1510
YYYVSGMDVWGKGTTVTVSS
>1ins:3C-12G|q1511
--YYKGLDYWGQGTLVTVSS
>1ins:8H-17D|q1512
AVYYCAIDYWGQGTLVTVSS
>1ins:3C-10N|q1513
YYNRYSFDYWGQGTLVTVSS
>1ins:3C-10G|q1514
YYYYINFDYWGQGTLVTVSS
>1ins:3C-10D|q1515
YYLYNWFDPWGQGTLVTVSS
>1ins:3C-10S|q1516
YYSWSTFDSWGQGTLVTVSS
>1ins:3C-10E|q1517
YYRYNWFDPWGQGTLVTVSS
>1ins:3C-10P|q1518
YYVQPALDYWGQGTLVTVSS
>1ins:3C-10S|q1519
YYSWYYFDYWGQGTLVTVSS
>1ins:3C-10S|q1520
YYGWYYFGYWGQGTLVTVSS
>1ins:3C-10F|q1521
YYSADAFDMWGQGTMVTVSS
>q1522
YGGNHGGDYWGQGTLVTVSS
>1ins:3C-10S|q1523
YYYYNNHDYWGQGTLVTVSS
>1ins:4D-5T|q1524
HYYRTQIDYWGQGTLVTVSS
>1ins:3C-10S|q1525
YYTRTSHDFWGQGTLVTVSS
>1ins:3C-10G|q1526
YYYYADFDYWGQGTLVTVSS
>1ins:3C-10P|q1527
YYRLYYFDYWGQGTLVTVSS
>1ins:3C-10V|q1528
YYTGSPFFYWGQGTLVTVSS
>1ins:3C-10V|q1529
YYWSAGVDYWGQGTLVTVSS
>1ins:3C-10N|q1530
YYSRNWFDPWGQGTLVTVSS
>1ins:3C-10D|q1531
YYDYSRLDYWGQGTLVTVSS
>1ins:3C-10V|q1532
YYRFSHFDYWGQGTLVTVSS
>q1533
YSVYDYFDYWGQGTLVTVSS
>1ins:5C-14S|q1534
AVYYCYAGYWGQGTLVTVSS
>1ins:3C-10G|q1535
YYWYYGMDVWGKGTTVTVSS
>1ins:3C-10D|q1536
YYCSHAFDIWGQGTMVTVSS
>1ins:3C-10S|q1537
YYTRTSHDFWGQGTLVTVSS
>1ins:5C-13P|q1538
AVYYYITDVWGKGTTVTVSS
>1ins:3C-11G|q1539
--YYRGLESWGQGTLVTVSS
>1ins:5C-13P|q1540
AVYYYITDVWGKGTTVTVSS
>1ins:3C-9G|q1541
YYLGTGFDHWGQGTLVTVSS
>1ins:3C-9G|q1542
YYSSWPFDYWGQGTLVTVSS
>1ins:3C-9R|q1543
YYDVYNGDYWGQGTLVTVSS
>1ins:3C-9S|q1544
YYAAGTFDSWGQGTLVTVSS
>1ins:3C-9V|q1545
YYVARGLEYWGQGTLVTVSS
>1ins:3C-9N|q1546
YYSGYLSGDWGQGTLVTVSS
>1ins:3C-9A|q1547
YYAAGTFDNWGQGTLVTVSS
>2ins:3C-8G,etc|q1548
YYGSRYLDYWGQGTLVTVSS
>q1549
HGYLGCFDPWGQGTLVTVSS
>1ins:3C-9D|q1550
YYSYDAFEIWGQGTMVTVSS
>1ins:3C-9G|q1551
YYFPNWFNPWGQGTLVTVSS
>1ins:3C-10V|q1552
-YYTTTFDTWGQGTLVTVSS
>q1553
YLYYYGMDVWGKGTTVTVSS
>1ins:3C-9G|q1554
YYRGQGLDYWGQGTLVTVSS
>1ins:3C-9G|q1555
YYYTGPLDYWGQGTLVTVSS
>q1556
VYFDWLEDYWGQGTLVTVSS
>q1557
RFLEWSFEYWGQGTLVTVSS
>1ins:3C-9G|q1558
YYSYYSFDYWGQGTLVTVSS
>1ins:3C-9R|q1559
YYQLVLFDYWGQGTLVTVSS
>1ins:5C-13P|q1560
AVYYLGIDYWGQGTLVTVSS
>1ins:3C-9T|q1561
YYAALLVKSWGQGTLVTVSS
>1ins:3C-9S|q1562
YYSWYYFDYWGQGTLVTVSS
>1ins:3C-9N|q1563
YYYYYEMDVWGKGTTVTVSS
>1ins:3C-11P|q1564
--YYYAFDIWGQGTMVTVSS
>1ins:3C-9R|q1565
YYRLDAFDIWGQGTMVTVSS
>1ins:3C-9G|q1566
YYSSYNFDYWGQGTLVTVSS
>1ins:3C-9G|q1567
YYYSYGYDYWGQGTLVTVSS
>1ins:3C-9S|q1568
YYSPNYFDYWGQGTLVTVSS
>q1569
HGYSWYLGYWGQGTLVTVSS
>1ins:3C-9T|q1570
YYGTGAFDLWGQGTMVTVSS
>1ins:3C-9S|q1571
YYGSYFPDYWGQGTLVTVSS
>1ins:3C-9S|q1572
YYSWYPLNYWGQGTLVTVSS
>1ins:3C-9P|q1573
YYTVVYFDYWGQGTLVTVSS
>q1574
LWFGMGFDYWGQGTLVTVSS
>q1575
YYYYYGMDVWGKGTTVTVSS
>1ins:3C-11G|q1576
--YYWYGDYWGQGTLVTVSS
>1ins:6A-14P|q1577
AVYYCGMDVWGKGTTVTVSS
>1ins:3C-11P|q1578
--YYSITDYWGQGTLVTVSS
>1ins:3C-9A|q1579
YYNIWYFDLWGRGTLVTVSS
>1ins:3C-9G|q1580
YYGDCSSDYWGQGTLVTVSS
>1ins:3C-9G|q1581
YYWYWYFDVWGRGTLVTVSS
>q1582
YSGYGSFDYWGQGTLVTVSS
>1ins:3C-9S|q1583
YYGMWYFDLWGRGTLVTVSS
>q1584
DYGDYVGDYWGQGTLVTVSS
>1ins:8D-16N|q1585
AVYYCARDYWGQGTLVTVSS
>1ins:3C-9A|q1586
YYAAGGLDYWGQGTLVTVSS
>1ins:5C-13G|q1587
AVYYSPFDFWGQGTLVTVSS
>1ins:5C-13N|q1588
AVYYWLFDYWGQGTLVTVSS
>1ins:3C-9G|q1589
YYACSYFDCWGQGTLVTVSS
>1ins:3C-9A|q1590
YYTADPIDHWGQGTLVTVSS
>q1591
PYGSGSFDYWGQGTLVTVSS
>1ins:3C-9G|q1592
YYGDCYFDYWGQGTLVTVSS
>1ins:3C-9V|q1593
YYASSWKDYWGQGTLVTVSS
>1ins:5C-13P|q1594
AVYYYGMDVWGKGTTVTVSS
>1ins:9Q-17H|q1595
AVYYCAKDFWGQGTLVTVSS
>1ins:3C-9Q|q1596
YYGSSGWKHWGQGTLVTVSS
>1ins:3C-9N|q1597
YYSSPYFDYWGQGTLVTVSS
>1ins:10E-18D|q1598
AVYYCAKDRWGQGTLVTVSS
>1ins:3C-9S|q1599
YYSHHAFDVWGQGTMVTVSS
>1ins:3C-9G|q1600
YYHIHYFDYWGQGTLVTVSS
>1ins:3C-9G|q1601
YYAHNWFDPWGQGTLVTVSS
>1ins:3C-9S|q1602
YYGYLPFDYWGQGTLVTVSS
>1ins:7R-15E|q1603
ATYYCAFDYWGQGTLVTVSS
>1ins:3C-9S|q1604
YYTNSELDFWGQGTLVTVSS
>1ins:3C-9A|q1605
YYGYYAMDVWGKGTTVTVSS
>1ins:7I-15R|q1606
AVYYCAFDNWGQGTLVTVSS
>1ins:3C-9D|q1607
YYRYDAFDIWGQGTMVTVSS
>1ins:3C-9A|q1608
YYVAGAFDPWGQGTLVTVSS
>1ins:3C-9A|q1609
YYAAPLFDYWGQGTLVTVSS
>1ins:3C-9S|q1610
YYALYYFDYWGQGTLVTVSS
>1ins:3C-9G|q1611
YYWGDAFDIWGQGTMVTVSS
>q1612
EYSSSSFDYWGQGTLVTVSS
>1ins:3C-9D|q1613
YYAPDAFDIWGQGTMVTVSS
>q1614
DYGGNPFDYWGQGTLVTVSS
>1ins:3C-9G|q1615
YYYVHGWQYWGQGTLVTVSS
>q1616
QYNSGWFDYWGQGTLVTVSS
>q1617
SLLYYGMDVWGKGTTVTVSS
>1ins:3C-9S|q1618
YYWYFGMDVWGKGTTVTVSS
>q1619
DFSSYGMDVWGKGTTVTVSS
>1ins:3C-9G|q1620
YYRFDAFDLWGQGTMVTVSS
>1ins:7R-15D|q1621
AVYYCAIDYWGQGTLVTVSS
>1ins:3C-9A|q1622
YYTWGAFDIWGQGTMVTVSS
>1ins:3C-9R|q1623
YYGSSVSDYWGQGTLVTVSS
>1ins:3C-9T|q1624
YYIITYFDYWGQGTLVTVSS
>q1625
WIQLWLADSWGQGTLVTVSS
>1ins:3C-9Q|q1626
YYALNIMDVWGKGTTVTVSS
>1ins:5C-13R|q1627
AVYYYGMDVWGKGTTVTVSS
>1ins:3C-11N|q1628
--YYDALDLWGQGTMVTVSS
>q1629
WYGPYYFDYWGQGTLVTVSS
>q1630
AYDSSGYYVWGQGTLVTVSS
>1ins:3C-11G|q1631
--YYYHFDYWGQGTLVTVSS
>1ins:5C-12G|q1632
AVYYNGFDYWGQGTLVTVSS
>1ins:3C-8R|q1633
YYTSGWPEFWGQGTLVTVSS
>1ins:3C-8R|q1634
YYYADFFDQWGQGTLVTVSS
>1ins:9G-16P|q1635
AVYYCVRDVWGKGTTVTVSS
>q1636
HRHYGAFDVWGQGTMVTVSS
>q1637
FYSGSRIDPWGQGTLVTVSS
>1ins:3C-8E|q1638
YYGYSPFDYWGQGTLVTVSS
>1ins:7R-14D|q1639
ALYYCVYTAWGQGTLVTVSS
>q1640
HSSGWLYDFWGQGTLVTVSS
>1ins:3C-8G|q1641
YYDYGGFSSWGQGTLVTVSS
>1ins:3C-8G|q1642
YYYSSHFDYWGQGTLVTVSS
>1ins:3C-8T|q1643
YYVRNPFDYWGQGTLVTVSS
>1ins:3C-9G|q1644
-YYATAFDYWGQGTLVTVSS
>2ins:1T-1T,etc|q1645
AVYYWRADQWGQGTLVTVSS
>1ins:3C-10G|q1646
--YYGHIDHWGQGTLVTVSS
>2ins:1T-1T,etc|q1647
AVYYWRADQWGQGTLVTVSS
>1ins:3C-8S|q1648
YYDGESLDYWGQGTLVTVSS
>1ins:3C-8S|q1649
YYIAAAENYWGQGTLVTVSS
>1ins:5C-12N|q1650
AMYYYYWDYWGQGTLVTVSS
>q1651
RFLEWLLDYWGQGTLVTVSS
>1ins:3C-8D|q1652
YYGYNFFDYWGQGTLVTVSS
>1ins:3C-8E|q1653
YYLYDAFDIWGQGTMVTVSS
>q1654
YGSGSYYNDWGQGTLVTVSS
>1ins:5C-12D|q1655
AVYYGYPDYWGQGTLVTVSS
>1ins:5C-12D|q1656
AVYYWYFDLWGRGTLVTVSS
>1ins:9S-53C|q1657
GSEKYYVDFWGQGTLVTVSS
>1ins:3C-10R|q1658
--YYWLLGSWGQGTLVTVSS
>1ins:3C-8S|q1659
YYNLGAFDHWGQGTLVTVSS
>1ins:3C-8V|q1660
YYAATWFDYWGQGTLVTVSS
>1ins:3C-8A|q1661
YYRTWYFDLWGRGTLVTVSS
>1ins:3C-8A|q1662
YYIFSAEDYWGQGTLVTVSS
>1ins:3C-8V|q1663
YYGANPFDYWGQGTLVTVSS
>1ins:3C-8I|q1664
YYAVAVIDYWGQGTLVTVSS
>1ins:3C-8P|q1665
YYSSSWFDPWGQGTLVTVSS
>1ins:3C-8T|q1666
YYTSRLFDFWGQGTLVTVSS
>q1667
DYANYYFDYWGQGTLVTVSS
>1ins:3C-8P|q1668
YYFFRLPDRWGQGTLVTVSS
>1ins:3C-8D|q1669
YYLHSDFDYWGQGTLVTVSS
>1ins:3C-8T|q1670
YYTTGGFDYWGQGTLVTVSS
>1ins:3C-8G|q1671
YYGYNYLDYWGQGTLVTVSS
>1ins:3C-8G|q1672
YYIGWYFDLWGRGTLVTVSS
>1ins:5R-12I|q1673
--YYCAKSDWGQGTLVTVSS
>1ins:3C-8A|q1674
YYPGNWFDPWGQGTLVTVSS
>1ins:9L-16S|q1675
AVYYCARDYWGQGTLVTVSS
>q1676
LYGGYFFDYWGQGTLVTVSS
>q1677
YSGSNSFDSWGQGTLVTVSS
>1ins:3C-8G|q1678
YYAAAGIDYWGQGTLVTVSS
>1ins:3C-8D|q1679
YYIRYGMAVWGKGTTVTVSS
>1ins:3C-8S|q1680
YYGSSCLDYWGQGTLVTVSS
>1ins:3C-10G|q1681
--YYFTFAYWGQGTLVTVSS
>1ins:7R-14P|q1682
AVYYCAFDYWGQGTLVTVSS
>1ins:3C-8G|q1683
YYEIGAFDYWGQGTLVTVSS
>1ins:5C-12D|q1684
AVYYRTFDVWGQGTMVTVSS
>1ins:3C-8T|q1685
YYVVNGFDIWGQGTMVTVSS
>1ins:5C-12D|q1686
AVYYNGMDVWGKGTTVTVSS
>1ins:5C-12D|q1687
AVYYNCFDPWGQGTLVTVSS
>1ins:3C-8R|q1688
YYNWKAMDVWGKGTTVTVSS
>1ins:3C-10L|q1689
--YYYSMDVWGKGTTVTVSS
>1ins:3C-8K|q1690
YYLPNYFDYWGQGTLVTVSS
>q1691
WLQFPWFDPWGQGTLVTVSS
>1ins:10D-17Y|q1692
AVYYCAREVWGQGTLVTVSS
>1ins:3C-8A|q1693
YYSSKPFDYWGQGTLVTVSS
>1ins:3C-8G|q1694
YYYGLGFDYWGQGTLVTVSS
>q1695
YIMLNWFDPWGQGTLVTVSS
>q1696
DYISGWADYWGQGTLVTVSS
>1ins:3C-8T|q1697
YYVTYDFDYWGQGTLVTVSS
>1ins:8E-15G|q1698
AVYYCAKDYWGQGTLVTVSS
>1ins:3C-8S|q1699
YYGWYYFDNWGQGTLVTVSS
>q1700
YNSGWAFDHWGQGTLVTVSS
>1ins:7R-12V|q1701
YYCANYIDYWGQGTLVTVSS
>1ins:5C-12D|q1702
ATYYDAFDIWGQGTMVTVSS
>1ins:3C-8I|q1703
YYGTYAIGYWGQGTLVTVSS
>q1704
TFGYSGCGYWGQGTLVTVSS
>1ins:3C-8W|q1705
YYNRRLFHYWGQGTLVTVSS
>1ins:3C-8P|q1706
YYGGNSFDYWGQGTLVTVSS
>1ins:3C-8A|q1707
YYAAQQFDYWGQGTLVTVSS
>1ins:3C-10G|q1708
--YYAGFDYWGQGTLVTVSS
>1ins:5C-12D|q1709
AVYYHHFDYWGQGTLVTVSS
>1ins:3C-10G|q1710
--YYWHFDYWGQGTLVTVSS
>1ins:7R-14D|q1711
ALYYCAYTAWGQGTLVTVSS
>1ins:5C-12N|q1712
AVYYSYFDFWGQGTLVTVSS
>1ins:3C-10G|q1713
--YYMFLDYWGQGTLVTVSS
>1ins:3C-8A|q1714
YYGSNWFDPWGQGTLVTVSS
>1ins:3C-8S|q1715
YYQSNGLDVWGKGTTVTVSS
>q1716
HPTEYYFHYWGQGTLVTVSS
>1ins:7R-14P|q1717
AVYYCTFDFWGQGTLVTVSS
>1ins:3C-8S|q1718
YYVYWYFDLWGRGTLVTVSS
>1ins:5C-12P|q1719
AVYYRSIGYWGQGTLVTVSS
>1ins:3C-7N|q1720
YYFRRRFDYWGQGTLVTVSS
>q1721
SFGIARLDYWGQGTLVTVSS
>1ins:3C-7S|q1722
YYAKNVFDIWGQGTMVTVSS
>1ins:6A-12N|q1723
--YYCARDYWGQGTLVTVSS
>1ins:5C-11P|q1724
AVYYGVWDVWGKGTTVTVSS
>1ins:8A-12E|q1725
YYCAGGMDYWGQGTLVTVSS
>1ins:3C-7S|q1726
YYSWDYFDYWGQGTLVTVSS
>1ins:3C-7V|q1727
YYAVYYFDYWGQGTLVTVSS
>1ins:3C-7S|q1728
YYGWTPLDYWGQGTLVTVSS
>1ins:3C-7G|q1729
YYSYSSSSAWGQGTMVTVSS
>1ins:3C-7V|q1730
YYVVTGFDYWGQGTLVTVSS
>1ins:5C-11D|q1731
AVYYWYLDLWGRGTLVTVSS
>1ins:8L-14S|q1732
AVYYCARDYWGQGTLVTVSS
>1ins:3C-7S|q1733
YYASWWSDYWGQGTLVTVSS
>1ins:10G-16R|q1734
AVYYCARSVWGQGTLVTVSS
>q1735
YSGTYGAEYWGQGTLVTVSS
>1ins:3C-7I|q1736
YYSGEGFNLWGQGTLVTVSS
>q1737
QWLVGYFDYWGQGTLVTVSS
>q1738
HNSGSYPDYWGQGTLVTVSS
>1ins:3C-7S|q1739
YYPYYYFDYWGQGTLVTVSS
>1ins:3C-7E|q1740
YYHESHYNYWGQGTLVTVSS
>1ins:3C-7I|q1741
YYAVAHFDYWGQGTLVTVSS
>1ins:3C-9R|q1742
--YYYYFDYWGQGTLVTVSS
>1ins:9A-15A|q1743
AVYYCARGYWGQGTLVTVSS
>1ins:3C-7F|q1744
YYDWNWFDPWGQGTLVTVSS
>1ins:3C-7S|q1745
YYSAWYFDYWGQGTLVTVSS
>1ins:10A-16L|q1746
AVYYCARDVWGQGTLVTVSS
>1ins:10A-16W|q1747
AVYYCARGIWGQGTLVTVSS
>1ins:5C-11G|q1748
AVYYGGFDPWGQGTLVTVSS
>1ins:5C-11N|q1749
AVYYYGMDVWGKGTTVTVSS
>1ins:3C-7R|q1750
YYDSSWFDPWGQGTLVTVSS
>1ins:3C-7S|q1751
YYGWNAHDFWGQGTLVTVSS
>1ins:3C-9P|q1752
--YYSAFDIWGQGTMVTVSS
>1ins:3C-7S|q1753
YYDYGGFDYWGQGTLVTVSS
>1ins:3C-7G|q1754
YYFSYGMDVWGKGTTVTVSS
>1ins:9S-52G|q1755
SSYIYYADFWGQGTLVTVSS
>1ins:3C-7G|q1756
YYGEDRWKFWGQGTLVTVSS
>1ins:3C-7K|q1757
YYLVEGFDYWGQGTLVTVSS
>1ins:3C-7V|q1758
YYGANTFDHWGQGTLVTVSS
>1ins:8G-14G|q1759
AVYYCARNYWGQGTLVTVSS
>1ins:3C-7G|q1760
YYYSHAFDIWGQGTMVTVSS
>1ins:3C-7W|q1761
YYLQGGFDIWGQGTMVTVSS
>q1762
WIFGEGFDDWGQGTLVTVSS
>1ins:3C-9S|q1763
YYGSEYY--WGQGTLVTVSS
>1ins:4C-9T|q1764
VYYTEILGYWGQGTLVTVSS
>1ins:3C-7W|q1765
YYLRGGFDLWGQGTMVTVSS
>1ins:3C-7L|q1766
YYAALFHADWGQGTLVTVSS
>q1767
GYSYDHFDYWGQGTLVTVSS
>1ins:3C-7I|q1768
YYWGGALDFWGQGTLVTVSS
>1ins:3C-7D|q1769
-YYYGGTEGCGQGTLVTVSS
>1ins:3C-6S|q1770
YYGFNWFDSCGQGTLVTVSS
>1ins:5C-10D|q1771
AVYYYKIDFWGQGTLVTVSS
>q1772
RYAWPLFDYWGQGTLVTVSS
>q1773
RYAWPRFDYWGQGTLVTVSS
>1ins:3C-6E|q1774
YYASYYEDYWGQGTLVTVSS
>1ins:3C-6A|q1775
YYLGNSVDYWGQGTLVTVSS
>1ins:3C-6R|q1776
YYAGRAFDIWGQGTMVTVSS
>1ins:3C-6Q|q1777
YYYSSSWSYWGQGTLVTVSS
>1ins:3C-6D|q1778
YYSSGYLDSWGQGTLVTVSS
>1ins:5C-10G|q1779
AVYYWTSGDWGQGTLVTVSS
>1ins:7R-12D|q1780
AVYYCALDYWGQGTLVTVSS
>1ins:7R-12D|q1781
AVYYCALDYWGQGTLVTVSS
>1ins:3C-6E|q1782
YYRSSATTVWGQGTLVTVSS
>1ins:3C-6A|q1783
YYINHAFDVWGQGTMVTVSS
>1ins:3C-6A|q1784
YYINHAFDVWGQGTMVTVSS
>1ins:3C-8N|q1785
--YYHAFDMWGQGTMVTVSS
>1ins:3C-6L|q1786
YYGLGYSSGWGQGTLVTVSS
>1ins:3C-6R|q1787
YYSSDWYDYWGQGTLVTVSS
>1ins:3C-6G|q1788
YYVVPAADVWGKGTTVTVSS
>1ins:3C-6G|q1789
YYWDWYCDYWGQGTLVTVSS
>1ins:3C-6G|q1790
YYGSSGLDYWGQGTLVTVSS
>1ins:8G-13P|q1791
AVYYCARDFWGQGTLVTVSS
>1ins:8G-13P|q1792
AVYYCARDFWGQGTLVTVSS
>1ins:3C-6G|q1793
YYNWGTFDYWGQGTLVTVSS
>1ins:8D-13E|q1794
AVYYCARDYWGQGTLVTVSS
>1ins:5R-10D|q1795
--YYCALDNWGQGTLVTVSS
>1ins:9D-14S|q1796
AVYYCAREDWGQGTLVTVSS
>1ins:7R-12E|q1797
AVYYCAIDLWGQGTLVTVSS
>1ins:3C-6K|q1798
YYNLGYFDYWGQGTLVTVSS
>1ins:3C-6D|q1799
YYPYGPLDYWGQGTLVTVSS
>q1800
KYGSDLSDYWGQGTLVTVSS
>1ins:3C-6G|q1801
YYSLWFGADWGQGTLVTVSS
>1ins:9S-14I|q1802
AMYYCARPSWGQGTLVTVSS
>q1803
RYAWPLFDSWGQGTLVTVSS
>1ins:3C-6V|q1804
YYATGTFDYWGQGTLVTVSS
>1ins:3C-6E|q1805
YYGARDFDYWGQGTLVTVSS
>1ins:3C-6V|q1806
YYGVDLIDYWGQGTLVTVSS
>q1807
RYAWPLFDYWGQGTLVTVSS
>1ins:3C-6S|q1808
YYNWSLWDYWGQGTLVTVSS
>1ins:3C-6D|q1809
YYLSNYYDYWGQGTLVTVSS
>1ins:7R-12D|q1810
AVYYCALDYWGQGTLVTVSS
>1ins:3C-6G|q1811
YYATTKFDYWGQGTLVTVSS
>1ins:3C-6G|q1812
YYSESYLKSWGQGTLVTVSS
>1ins:3C-6G|q1813
YYTGRRLDNWGQGTLVTVSS
>1ins:3C-6A|q1814
YYTSGTFDYWGQGTLVTVSS
>q1815
RFRAGYVDYWGQGTLVTVSS
>1ins:8D-13R|q1816
AVYYCTTDCWGQGTLVTVSS
>1ins:3C-6A|q1817
YYARSCFDYWGQGTLVTVSS
>1ins:3C-6Q|q1818
YYSGAHVDYWGQGTLVTVSS
>1ins:3C-5R|q1819
YYSYGSGGYWGQGTLVTVSS
>1ins:3C-5C|q1820
YYRSGSLDYWGQGTLVTVSS
>1ins:8I-12N|q1821
AVYYCAMNFWGQGTLVTVSS
>1ins:3C-5T|q1822
YYGNWFLDFWGQGTLVTVSS
>1ins:3C-5R|q1823
YYRGNWFDPWGQGTLVTVSS
>1ins:3C-7P|q1824
--YYGYFDLWGRGTLVTVSS
>1ins:3C-5R|q1825
YYGGWFYDYWGQGTLVTVSS
>1ins:7R-11N|q1826
AVYYCAIDYWGQGTLVTVSS
>1ins:3C-5R|q1827
YYGHYGMDVWGKGTTVTVSS
>1ins:3C-5K|q1828
YYGGGAFDIRGQGTMVTVSS
>1ins:5C-9G|q1829
AVYYPGIDYWGQGTLVTVSS
>1ins:3C-5R|q1830
YYGAGWYHYWGQGTLVTVSS
>1ins:9R-13W|q1831
AVYYCARDYWGQGTLVTVSS
>1ins:3C-5R|q1832
YYSLYSREYWGQGTLVTVSS
>1ins:3C-5R|q1833
YYASYDRDYWGQGTLVTVSS
>1ins:5C-9N|q1834
AVYYGGIDYWGQGTLVTVSS
>1ins:3C-5R|q1835
YYSQGWFDIWGQGTMVTVSS
>1ins:3C-5R|q1836
YYGATRTDYWGQGTLVTVSS
>1ins:9N-13V|q1837
AVYYCGRDTWGQGTLVTVSS
>1ins:9L-13T|q1838
AVYYCTTDLWGQGTLVTVSS
>1ins:10W-14G|q1839
AVYYCTPPPWGQGTLVTVSS
>1ins:3C-5G|q1840
YYWTSAFDIWGQGTMVTVSS
>1ins:10Q-14R|q1841
AVYYCTTDLWGQGTLVTVSS
>1ins:9G-13W|q1842
AVYYCTTGRWGQGTLVTVSS
>1ins:3C-4S|q1843
YYRGATLAYWGQGTLVTVSS
>1ins:4C-6G|q1844
VYYKFYFDLWGRGTLVTVSS
>1ins:7R-10D|q1845
AVYYCVFDYWGQGTLVTVSS
>1ins:9Q-12H|q1846
AVYYCAIQYWGQGTLVTVSS
>1ins:3C-4A|q1847
YYRGDSFDYWGQGTLVTVSS
>1ins:5C-8G|q1848
AVYYGGMDVWGKGTTVTVSS
>1ins:9L-12L|q1849
AVYYCARDYWGQGTLVTVSS
>1ins:3C-4A|q1850
YYRGDYYDNFGQGTLVTVSS
>1ins:3C-4A|q1851
YYRTNPLDYWGQGTLVTVSS
>1ins:3C-5A|q1852
-YYYRVLGGWGQGTLVTVSS
>1ins:3C-4A|q1853
YYRHDWFDPWGQGTLVTVSS
>1ins:3C-4A|q1854
YYRHDWFDPWGQGTLVTVSS
>1ins:3C-6G|q1855
--YYNGCESWGQGTLVTVSS
>1ins:8E-11G|q1856
AVYYCARDYWGQGTLVTVSS
>1ins:3C-6G|q1857
--YYYHYDYWGQGTLVTVSS
>1ins:9L-12P|q1858
TAVYYCCDFWGQGTLVTVSS
>q1859
YCVRWVFDYWGQGTLVTVSS
>q1860
YCVRWVFEYWGQGTLVTVSS
>q1861
YCAREGMDVWGKGTTVTVSS
>q1862
YCAREGMDVWGKGTTVTVSS
>1ins:3C-3C|q1863
YYTSGPLGYWGQGTLVTVSS
>1ins:10T-12D|q1864
AVYYCAKGRWGQGTLVTVSS
>q1865
YYCARELTFWGQGTLVTVSS
>1ins:9N-10P|q1866
AVYYCARDAVGQGTLVTVSS
>1ins:3C-3C|q1867
YYARALSEMWGQGTLVTVSS
